{"/home/travis/build/npmtest/node-npmtest-homebridge-netatmo/test.js":{"path":"/home/travis/build/npmtest/node-npmtest-homebridge-netatmo/test.js","s":{"1":2,"2":2,"3":2,"4":2,"5":2,"6":2,"7":2,"8":1,"9":2,"10":2,"11":1,"12":1,"13":1,"14":1,"15":2,"16":2,"17":2,"18":2,"19":1,"20":1,"21":2,"22":2,"23":2,"24":1,"25":1,"26":1,"27":1,"28":1,"29":1,"30":1,"31":1,"32":1,"33":1,"34":1,"35":1,"36":1,"37":1,"38":1,"39":2,"40":2,"41":1,"42":2,"43":2,"44":1,"45":2,"46":2,"47":1,"48":2,"49":2,"50":1,"51":1,"52":1,"53":1,"54":1},"b":{"1":[2,1,1,1],"2":[1,1,1,1],"3":[1,1],"4":[1,1],"5":[1,1],"6":[1,1],"7":[1,1],"8":[1,1],"9":[1,1],"10":[1,1,1],"11":[1,1],"12":[1,1],"13":[1,1],"14":[1,1],"15":[1,1],"16":[1,1],"17":[1,1]},"f":{"1":2,"2":2,"3":2,"4":2,"5":2,"6":1,"7":1,"8":1,"9":2,"10":2,"11":2,"12":2,"13":1},"fnMap":{"1":{"name":"(anonymous_1)","line":12,"loc":{"start":{"line":12,"column":1},"end":{"line":12,"column":13}}},"2":{"name":"(anonymous_2)","line":19,"loc":{"start":{"line":19,"column":5},"end":{"line":19,"column":17}}},"3":{"name":"(anonymous_3)","line":23,"loc":{"start":{"line":23,"column":24},"end":{"line":23,"column":36}}},"4":{"name":"(anonymous_4)","line":61,"loc":{"start":{"line":61,"column":5},"end":{"line":61,"column":17}}},"5":{"name":"(anonymous_5)","line":82,"loc":{"start":{"line":82,"column":5},"end":{"line":82,"column":17}}},"6":{"name":"(anonymous_6)","line":91,"loc":{"start":{"line":91,"column":77},"end":{"line":94,"column":10}}},"7":{"name":"(anonymous_7)","line":112,"loc":{"start":{"line":112,"column":83},"end":{"line":115,"column":10}},"skip":true},"8":{"name":"(anonymous_8)","line":123,"loc":{"start":{"line":123,"column":77},"end":{"line":126,"column":10}},"skip":true},"9":{"name":"(anonymous_9)","line":139,"loc":{"start":{"line":139,"column":12},"end":{"line":139,"column":40}},"skip":true},"10":{"name":"(anonymous_10)","line":147,"loc":{"start":{"line":147,"column":77},"end":{"line":150,"column":10}},"skip":true},"11":{"name":"(anonymous_11)","line":158,"loc":{"start":{"line":158,"column":83},"end":{"line":161,"column":10}},"skip":true},"12":{"name":"(anonymous_12)","line":169,"loc":{"start":{"line":169,"column":79},"end":{"line":172,"column":10}},"skip":true},"13":{"name":"(anonymous_13)","line":180,"loc":{"start":{"line":180,"column":75},"end":{"line":183,"column":10}},"skip":true}},"statementMap":{"1":{"start":{"line":12,"column":0},"end":{"line":195,"column":5}},"2":{"start":{"line":14,"column":4},"end":{"line":14,"column":14}},"3":{"start":{"line":19,"column":4},"end":{"line":56,"column":9}},"4":{"start":{"line":21,"column":8},"end":{"line":21,"column":19}},"5":{"start":{"line":23,"column":8},"end":{"line":35,"column":13}},"6":{"start":{"line":24,"column":12},"end":{"line":34,"column":13}},"7":{"start":{"line":25,"column":16},"end":{"line":28,"column":30}},"8":{"start":{"line":30,"column":16},"end":{"line":33,"column":27}},"9":{"start":{"line":37,"column":8},"end":{"line":39,"column":21}},"10":{"start":{"line":40,"column":8},"end":{"line":53,"column":9}},"11":{"start":{"line":43,"column":12},"end":{"line":46,"column":14}},"12":{"start":{"line":47,"column":12},"end":{"line":47,"column":18}},"13":{"start":{"line":50,"column":12},"end":{"line":51,"column":46}},"14":{"start":{"line":52,"column":12},"end":{"line":52,"column":18}},"15":{"start":{"line":55,"column":8},"end":{"line":55,"column":35}},"16":{"start":{"line":61,"column":4},"end":{"line":63,"column":9}},"17":{"start":{"line":62,"column":8},"end":{"line":62,"column":15}},"18":{"start":{"line":64,"column":4},"end":{"line":77,"column":5}},"19":{"start":{"line":70,"column":8},"end":{"line":70,"column":14}},"20":{"start":{"line":76,"column":8},"end":{"line":76,"column":14}},"21":{"start":{"line":82,"column":4},"end":{"line":84,"column":9}},"22":{"start":{"line":83,"column":8},"end":{"line":83,"column":15}},"23":{"start":{"line":85,"column":4},"end":{"line":194,"column":5}},"24":{"start":{"line":91,"column":8},"end":{"line":99,"column":10}},"25":{"start":{"line":98,"column":12},"end":{"line":98,"column":35}},"26":{"start":{"line":102,"column":8},"end":{"line":104,"column":63}},"27":{"start":{"line":105,"column":8},"end":{"line":105,"column":14}},"28":{"start":{"line":112,"column":8},"end":{"line":121,"column":10},"skip":true},"29":{"start":{"line":119,"column":12},"end":{"line":119,"column":55},"skip":true},"30":{"start":{"line":120,"column":12},"end":{"line":120,"column":48},"skip":true},"31":{"start":{"line":123,"column":8},"end":{"line":136,"column":10},"skip":true},"32":{"start":{"line":130,"column":12},"end":{"line":130,"column":76},"skip":true},"33":{"start":{"line":131,"column":12},"end":{"line":131,"column":73},"skip":true},"34":{"start":{"line":132,"column":12},"end":{"line":132,"column":74},"skip":true},"35":{"start":{"line":133,"column":12},"end":{"line":133,"column":79},"skip":true},"36":{"start":{"line":134,"column":12},"end":{"line":134,"column":25},"skip":true},"37":{"start":{"line":135,"column":12},"end":{"line":135,"column":45},"skip":true},"38":{"start":{"line":138,"column":8},"end":{"line":145,"column":14},"skip":true},"39":{"start":{"line":143,"column":16},"end":{"line":143,"column":29},"skip":true},"40":{"start":{"line":144,"column":16},"end":{"line":144,"column":55},"skip":true},"41":{"start":{"line":147,"column":8},"end":{"line":156,"column":10},"skip":true},"42":{"start":{"line":154,"column":12},"end":{"line":154,"column":25},"skip":true},"43":{"start":{"line":155,"column":12},"end":{"line":155,"column":45},"skip":true},"44":{"start":{"line":158,"column":8},"end":{"line":167,"column":10},"skip":true},"45":{"start":{"line":165,"column":12},"end":{"line":165,"column":25},"skip":true},"46":{"start":{"line":166,"column":12},"end":{"line":166,"column":48},"skip":true},"47":{"start":{"line":169,"column":8},"end":{"line":178,"column":10},"skip":true},"48":{"start":{"line":176,"column":12},"end":{"line":176,"column":25},"skip":true},"49":{"start":{"line":177,"column":12},"end":{"line":177,"column":46},"skip":true},"50":{"start":{"line":180,"column":8},"end":{"line":189,"column":10},"skip":true},"51":{"start":{"line":187,"column":12},"end":{"line":187,"column":94},"skip":true},"52":{"start":{"line":188,"column":12},"end":{"line":188,"column":48},"skip":true},"53":{"start":{"line":192,"column":8},"end":{"line":192,"column":35},"skip":true},"54":{"start":{"line":193,"column":8},"end":{"line":193,"column":14},"skip":true}},"branchMap":{"1":{"line":25,"type":"binary-expr","locations":[{"start":{"line":25,"column":23},"end":{"line":25,"column":62}},{"start":{"line":26,"column":20},"end":{"line":26,"column":70}},{"start":{"line":27,"column":20},"end":{"line":27,"column":71}},{"start":{"line":28,"column":20},"end":{"line":28,"column":29}}]},"2":{"line":30,"type":"binary-expr","locations":[{"start":{"line":30,"column":23},"end":{"line":30,"column":37}},{"start":{"line":31,"column":20},"end":{"line":31,"column":61}},{"start":{"line":32,"column":20},"end":{"line":32,"column":70}},{"start":{"line":33,"column":20},"end":{"line":33,"column":26}}]},"3":{"line":37,"type":"cond-expr","locations":[{"start":{"line":38,"column":14},"end":{"line":38,"column":20}},{"start":{"line":39,"column":14},"end":{"line":39,"column":20}}]},"4":{"line":40,"type":"switch","locations":[{"start":{"line":42,"column":8},"end":{"line":47,"column":18}},{"start":{"line":49,"column":8},"end":{"line":52,"column":18}}]},"5":{"line":44,"type":"binary-expr","locations":[{"start":{"line":44,"column":16},"end":{"line":44,"column":44}},{"start":{"line":44,"column":48},"end":{"line":44,"column":66}}]},"6":{"line":50,"type":"binary-expr","locations":[{"start":{"line":50,"column":21},"end":{"line":50,"column":49}},{"start":{"line":50,"column":53},"end":{"line":50,"column":72}}]},"7":{"line":64,"type":"switch","locations":[{"start":{"line":69,"column":4},"end":{"line":70,"column":14}},{"start":{"line":75,"column":4},"end":{"line":76,"column":14}}]},"8":{"line":85,"type":"switch","locations":[{"start":{"line":90,"column":4},"end":{"line":105,"column":14}},{"start":{"line":111,"column":4},"end":{"line":193,"column":14},"skip":true}]},"9":{"line":91,"type":"binary-expr","locations":[{"start":{"line":91,"column":42},"end":{"line":91,"column":73}},{"start":{"line":91,"column":77},"end":{"line":99,"column":9}}]},"10":{"line":102,"type":"binary-expr","locations":[{"start":{"line":102,"column":18},"end":{"line":102,"column":32}},{"start":{"line":103,"column":12},"end":{"line":103,"column":53}},{"start":{"line":104,"column":12},"end":{"line":104,"column":61}}]},"11":{"line":112,"type":"binary-expr","locations":[{"start":{"line":112,"column":45},"end":{"line":112,"column":79},"skip":true},{"start":{"line":112,"column":83},"end":{"line":121,"column":9},"skip":true}]},"12":{"line":123,"type":"binary-expr","locations":[{"start":{"line":123,"column":42},"end":{"line":123,"column":73},"skip":true},{"start":{"line":123,"column":77},"end":{"line":136,"column":9},"skip":true}]},"13":{"line":138,"type":"binary-expr","locations":[{"start":{"line":138,"column":48},"end":{"line":138,"column":85},"skip":true},{"start":{"line":139,"column":12},"end":{"line":145,"column":13},"skip":true}]},"14":{"line":147,"type":"binary-expr","locations":[{"start":{"line":147,"column":42},"end":{"line":147,"column":73},"skip":true},{"start":{"line":147,"column":77},"end":{"line":156,"column":9},"skip":true}]},"15":{"line":158,"type":"binary-expr","locations":[{"start":{"line":158,"column":45},"end":{"line":158,"column":79},"skip":true},{"start":{"line":158,"column":83},"end":{"line":167,"column":9},"skip":true}]},"16":{"line":169,"type":"binary-expr","locations":[{"start":{"line":169,"column":43},"end":{"line":169,"column":75},"skip":true},{"start":{"line":169,"column":79},"end":{"line":178,"column":9},"skip":true}]},"17":{"line":180,"type":"binary-expr","locations":[{"start":{"line":180,"column":41},"end":{"line":180,"column":71},"skip":true},{"start":{"line":180,"column":75},"end":{"line":189,"column":9},"skip":true}]}},"code":["/* istanbul instrument in package npmtest_homebridge_netatmo */","/*jslint","    bitwise: true,","    browser: true,","    maxerr: 8,","    maxlen: 96,","    node: true,","    nomen: true,","    regexp: true,","    stupid: true","*/","(function () {","    'use strict';","    var local;","","","","    // run shared js-env code - pre-init","    (function () {","        // init local","        local = {};","        // init modeJs","        local.modeJs = (function () {","            try {","                return typeof navigator.userAgent === 'string' &&","                    typeof document.querySelector('body') === 'object' &&","                    typeof XMLHttpRequest.prototype.open === 'function' &&","                    'browser';","            } catch (errorCaughtBrowser) {","                return module.exports &&","                    typeof process.versions.node === 'string' &&","                    typeof require('http').createServer === 'function' &&","                    'node';","            }","        }());","        // init global","        local.global = local.modeJs === 'browser'","            ? window","            : global;","        switch (local.modeJs) {","        // re-init local from window.local","        case 'browser':","            local = local.global.utility2.objectSetDefault(","                local.global.utility2_rollup || local.global.local,","                local.global.utility2","            );","            break;","        // re-init local from example.js","        case 'node':","            local = (local.global.utility2_rollup || require('utility2'))","                .requireExampleJsFromReadme();","            break;","        }","        // export local","        local.global.local = local;","    }());","","","","    // run shared js-env code - function","    (function () {","        return;","    }());","    switch (local.modeJs) {","","","","    // run browser js-env code - function","    case 'browser':","        break;","","","","    // run node js-env code - function","    case 'node':","        break;","    }","","","","    // run shared js-env code - post-init","    (function () {","        return;","    }());","    switch (local.modeJs) {","","","","    // run browser js-env code - post-init","    case 'browser':","        local.testCase_browser_nullCase = local.testCase_browser_nullCase || function (","            options,","            onError","        ) {","        /*","         * this function will test browsers's null-case handling-behavior-behavior","         */","            onError(null, options);","        };","","        // run tests","        local.nop(local.modeTest &&","            document.querySelector('#testRunButton1') &&","            document.querySelector('#testRunButton1').click());","        break;","","","","    // run node js-env code - post-init","    /* istanbul ignore next */","    case 'node':","        local.testCase_buildApidoc_default = local.testCase_buildApidoc_default || function (","            options,","            onError","        ) {","        /*","         * this function will test buildApidoc's default handling-behavior-behavior","         */","            options = { modulePathList: module.paths };","            local.buildApidoc(options, onError);","        };","","        local.testCase_buildApp_default = local.testCase_buildApp_default || function (","            options,","            onError","        ) {","        /*","         * this function will test buildApp's default handling-behavior-behavior","         */","            local.testCase_buildReadme_default(options, local.onErrorThrow);","            local.testCase_buildLib_default(options, local.onErrorThrow);","            local.testCase_buildTest_default(options, local.onErrorThrow);","            local.testCase_buildCustomOrg_default(options, local.onErrorThrow);","            options = [];","            local.buildApp(options, onError);","        };","","        local.testCase_buildCustomOrg_default = local.testCase_buildCustomOrg_default ||","            function (options, onError) {","            /*","             * this function will test buildCustomOrg's default handling-behavior","             */","                options = {};","                local.buildCustomOrg(options, onError);","            };","","        local.testCase_buildLib_default = local.testCase_buildLib_default || function (","            options,","            onError","        ) {","        /*","         * this function will test buildLib's default handling-behavior","         */","            options = {};","            local.buildLib(options, onError);","        };","","        local.testCase_buildReadme_default = local.testCase_buildReadme_default || function (","            options,","            onError","        ) {","        /*","         * this function will test buildReadme's default handling-behavior-behavior","         */","            options = {};","            local.buildReadme(options, onError);","        };","","        local.testCase_buildTest_default = local.testCase_buildTest_default || function (","            options,","            onError","        ) {","        /*","         * this function will test buildTest's default handling-behavior","         */","            options = {};","            local.buildTest(options, onError);","        };","","        local.testCase_webpage_default = local.testCase_webpage_default || function (","            options,","            onError","        ) {","        /*","         * this function will test webpage's default handling-behavior","         */","            options = { modeCoverageMerge: true, url: local.serverLocalHost + '?modeTest=1' };","            local.browserTest(options, onError);","        };","","        // run test-server","        local.testRunServer(local);","        break;","    }","}());",""],"l":{"12":2,"14":2,"19":2,"21":2,"23":2,"24":2,"25":2,"30":1,"37":2,"40":2,"43":1,"47":1,"50":1,"52":1,"55":2,"61":2,"62":2,"64":2,"70":1,"76":1,"82":2,"83":2,"85":2,"91":1,"98":1,"102":1,"105":1,"112":1,"119":1,"120":1,"123":1,"130":1,"131":1,"132":1,"133":1,"134":1,"135":1,"138":1,"143":2,"144":2,"147":1,"154":2,"155":2,"158":1,"165":2,"166":2,"169":1,"176":2,"177":2,"180":1,"187":1,"188":1,"192":1,"193":1}},"/home/travis/build/npmtest/node-npmtest-homebridge-netatmo/lib.npmtest_homebridge_netatmo.js":{"path":"/home/travis/build/npmtest/node-npmtest-homebridge-netatmo/lib.npmtest_homebridge_netatmo.js","s":{"1":2,"2":2,"3":2,"4":2,"5":2,"6":2,"7":2,"8":1,"9":2,"10":2,"11":2,"12":2,"13":1,"14":1,"15":1,"16":1},"b":{"1":[2,1,1,1],"2":[1,1,1,1],"3":[1,1],"4":[2,2],"5":[1,1]},"f":{"1":2,"2":2,"3":2},"fnMap":{"1":{"name":"(anonymous_1)","line":12,"loc":{"start":{"line":12,"column":1},"end":{"line":12,"column":13}}},"2":{"name":"(anonymous_2)","line":19,"loc":{"start":{"line":19,"column":5},"end":{"line":19,"column":17}}},"3":{"name":"(anonymous_3)","line":23,"loc":{"start":{"line":23,"column":24},"end":{"line":23,"column":36}}}},"statementMap":{"1":{"start":{"line":12,"column":0},"end":{"line":53,"column":5}},"2":{"start":{"line":14,"column":4},"end":{"line":14,"column":14}},"3":{"start":{"line":19,"column":4},"end":{"line":52,"column":9}},"4":{"start":{"line":21,"column":8},"end":{"line":21,"column":19}},"5":{"start":{"line":23,"column":8},"end":{"line":35,"column":13}},"6":{"start":{"line":24,"column":12},"end":{"line":34,"column":13}},"7":{"start":{"line":25,"column":16},"end":{"line":28,"column":30}},"8":{"start":{"line":30,"column":16},"end":{"line":33,"column":27}},"9":{"start":{"line":37,"column":8},"end":{"line":39,"column":21}},"10":{"start":{"line":41,"column":8},"end":{"line":41,"column":54}},"11":{"start":{"line":43,"column":8},"end":{"line":43,"column":63}},"12":{"start":{"line":45,"column":8},"end":{"line":51,"column":9}},"13":{"start":{"line":46,"column":12},"end":{"line":46,"column":69}},"14":{"start":{"line":48,"column":12},"end":{"line":48,"column":35}},"15":{"start":{"line":49,"column":12},"end":{"line":49,"column":49}},"16":{"start":{"line":50,"column":12},"end":{"line":50,"column":43}}},"branchMap":{"1":{"line":25,"type":"binary-expr","locations":[{"start":{"line":25,"column":23},"end":{"line":25,"column":62}},{"start":{"line":26,"column":20},"end":{"line":26,"column":70}},{"start":{"line":27,"column":20},"end":{"line":27,"column":71}},{"start":{"line":28,"column":20},"end":{"line":28,"column":29}}]},"2":{"line":30,"type":"binary-expr","locations":[{"start":{"line":30,"column":23},"end":{"line":30,"column":37}},{"start":{"line":31,"column":20},"end":{"line":31,"column":61}},{"start":{"line":32,"column":20},"end":{"line":32,"column":70}},{"start":{"line":33,"column":20},"end":{"line":33,"column":26}}]},"3":{"line":37,"type":"cond-expr","locations":[{"start":{"line":38,"column":14},"end":{"line":38,"column":20}},{"start":{"line":39,"column":14},"end":{"line":39,"column":20}}]},"4":{"line":41,"type":"binary-expr","locations":[{"start":{"line":41,"column":16},"end":{"line":41,"column":44}},{"start":{"line":41,"column":48},"end":{"line":41,"column":53}}]},"5":{"line":45,"type":"if","locations":[{"start":{"line":45,"column":8},"end":{"line":45,"column":8}},{"start":{"line":45,"column":8},"end":{"line":45,"column":8}}]}},"code":["/* istanbul instrument in package npmtest_homebridge_netatmo */","/*jslint","    bitwise: true,","    browser: true,","    maxerr: 8,","    maxlen: 96,","    node: true,","    nomen: true,","    regexp: true,","    stupid: true","*/","(function () {","    'use strict';","    var local;","","","","    // run shared js-env code - pre-init","    (function () {","        // init local","        local = {};","        // init modeJs","        local.modeJs = (function () {","            try {","                return typeof navigator.userAgent === 'string' &&","                    typeof document.querySelector('body') === 'object' &&","                    typeof XMLHttpRequest.prototype.open === 'function' &&","                    'browser';","            } catch (errorCaughtBrowser) {","                return module.exports &&","                    typeof process.versions.node === 'string' &&","                    typeof require('http').createServer === 'function' &&","                    'node';","            }","        }());","        // init global","        local.global = local.modeJs === 'browser'","            ? window","            : global;","        // init utility2_rollup","        local = local.global.utility2_rollup || local;","        // init lib","        local.local = local.npmtest_homebridge_netatmo = local;","        // init exports","        if (local.modeJs === 'browser') {","            local.global.utility2_npmtest_homebridge_netatmo = local;","        } else {","            module.exports = local;","            module.exports.__dirname = __dirname;","            module.exports.module = module;","        }","    }());","}());",""],"l":{"12":2,"14":2,"19":2,"21":2,"23":2,"24":2,"25":2,"30":1,"37":2,"41":2,"43":2,"45":2,"46":1,"48":1,"49":1,"50":1}},"/home/travis/build/npmtest/node-npmtest-homebridge-netatmo/example.js":{"path":"/home/travis/build/npmtest/node-npmtest-homebridge-netatmo/example.js","s":{"1":2,"2":2,"3":2,"4":2,"5":2,"6":2,"7":2,"8":1,"9":2,"10":2,"11":2,"12":2,"13":1,"14":2,"15":2,"16":2,"17":2,"18":2,"19":0,"20":2,"21":1,"22":1,"23":1,"24":1,"25":1,"26":0,"27":0,"28":1,"29":1,"30":2,"31":0,"32":0,"33":0,"34":1,"35":2,"36":2,"37":3,"38":3,"39":3,"40":3,"41":0,"42":3,"43":3,"44":3,"45":1,"46":3,"47":1,"48":1,"49":1,"50":1,"51":1,"52":1,"53":1,"54":1,"55":1,"56":1,"57":0,"58":1,"59":6,"60":6,"61":1,"62":2,"63":0,"64":2,"65":1,"66":1,"67":0,"68":0,"69":0,"70":0,"71":0,"72":0,"73":0,"74":0,"75":0,"76":0,"77":0,"78":0,"79":0,"80":0,"81":0,"82":0,"83":0},"b":{"1":[2,1,1,1],"2":[1,1,1,1],"3":[1,1],"4":[2,2],"5":[1,1],"6":[1,1],"7":[2,0],"8":[2,1,1,1,1,1],"9":[0,2,0],"10":[1,1],"11":[2,1,1],"12":[1,0],"13":[0,2],"14":[2,0,0,0,0,0,0],"15":[0,3],"16":[3,0],"17":[1,1],"18":[0,1],"19":[1,2,0,2],"20":[1,0],"21":[1,1],"22":[0,0],"23":[0,0],"24":[0,0],"25":[0,0],"26":[0,0],"27":[0,0],"28":[0,0]},"f":{"1":2,"2":2,"3":2,"4":2,"5":2,"6":2,"7":3,"8":3,"9":3,"10":1,"11":6,"12":0},"fnMap":{"1":{"name":"(anonymous_1)","line":26,"loc":{"start":{"line":26,"column":1},"end":{"line":26,"column":13}}},"2":{"name":"(anonymous_2)","line":33,"loc":{"start":{"line":33,"column":5},"end":{"line":33,"column":17}}},"3":{"name":"(anonymous_3)","line":37,"loc":{"start":{"line":37,"column":24},"end":{"line":37,"column":36}}},"4":{"name":"(anonymous_4)","line":69,"loc":{"start":{"line":69,"column":31},"end":{"line":69,"column":48}},"skip":true},"5":{"name":"(anonymous_5)","line":78,"loc":{"start":{"line":78,"column":26},"end":{"line":78,"column":45}},"skip":true},"6":{"name":"(anonymous_6)","line":123,"loc":{"start":{"line":123,"column":33},"end":{"line":123,"column":48}},"skip":true},"7":{"name":"(anonymous_7)","line":125,"loc":{"start":{"line":125,"column":27},"end":{"line":125,"column":39}},"skip":true},"8":{"name":"(anonymous_8)","line":133,"loc":{"start":{"line":133,"column":59},"end":{"line":133,"column":74}},"skip":true},"9":{"name":"(anonymous_9)","line":143,"loc":{"start":{"line":143,"column":45},"end":{"line":143,"column":62}},"skip":true},"10":{"name":"(anonymous_10)","line":144,"loc":{"start":{"line":144,"column":73},"end":{"line":144,"column":92}},"skip":true},"11":{"name":"(anonymous_11)","line":272,"loc":{"start":{"line":272,"column":51},"end":{"line":272,"column":77}},"skip":true},"12":{"name":"(anonymous_12)","line":315,"loc":{"start":{"line":315,"column":32},"end":{"line":315,"column":61}},"skip":true}},"statementMap":{"1":{"start":{"line":26,"column":0},"end":{"line":326,"column":5}},"2":{"start":{"line":28,"column":4},"end":{"line":28,"column":14}},"3":{"start":{"line":33,"column":4},"end":{"line":60,"column":9}},"4":{"start":{"line":35,"column":8},"end":{"line":35,"column":19}},"5":{"start":{"line":37,"column":8},"end":{"line":49,"column":13}},"6":{"start":{"line":38,"column":12},"end":{"line":48,"column":13}},"7":{"start":{"line":39,"column":16},"end":{"line":42,"column":30}},"8":{"start":{"line":44,"column":16},"end":{"line":47,"column":27}},"9":{"start":{"line":51,"column":8},"end":{"line":53,"column":21}},"10":{"start":{"line":55,"column":8},"end":{"line":57,"column":45}},"11":{"start":{"line":59,"column":8},"end":{"line":59,"column":35}},"12":{"start":{"line":61,"column":4},"end":{"line":325,"column":5}},"13":{"start":{"line":69,"column":8},"end":{"line":121,"column":10},"skip":true},"14":{"start":{"line":70,"column":12},"end":{"line":88,"column":13},"skip":true},"15":{"start":{"line":76,"column":16},"end":{"line":87,"column":19},"skip":true},"16":{"start":{"line":79,"column":20},"end":{"line":86,"column":21},"skip":true},"17":{"start":{"line":82,"column":24},"end":{"line":82,"column":43},"skip":true},"18":{"start":{"line":83,"column":24},"end":{"line":83,"column":30},"skip":true},"19":{"start":{"line":85,"column":24},"end":{"line":85,"column":49},"skip":true},"20":{"start":{"line":89,"column":12},"end":{"line":107,"column":13},"skip":true},"21":{"start":{"line":92,"column":16},"end":{"line":102,"column":17},"skip":true},"22":{"start":{"line":93,"column":20},"end":{"line":93,"column":86},"skip":true},"23":{"start":{"line":94,"column":20},"end":{"line":95,"column":45},"skip":true},"24":{"start":{"line":96,"column":20},"end":{"line":96,"column":42},"skip":true},"25":{"start":{"line":97,"column":20},"end":{"line":97,"column":48},"skip":true},"26":{"start":{"line":100,"column":20},"end":{"line":100,"column":85},"skip":true},"27":{"start":{"line":101,"column":20},"end":{"line":101,"column":96},"skip":true},"28":{"start":{"line":103,"column":16},"end":{"line":103,"column":22},"skip":true},"29":{"start":{"line":106,"column":16},"end":{"line":106,"column":22},"skip":true},"30":{"start":{"line":108,"column":12},"end":{"line":120,"column":13},"skip":true},"31":{"start":{"line":114,"column":16},"end":{"line":119,"column":17},"skip":true},"32":{"start":{"line":116,"column":20},"end":{"line":116,"column":78},"skip":true},"33":{"start":{"line":118,"column":20},"end":{"line":118,"column":47},"skip":true},"34":{"start":{"line":123,"column":8},"end":{"line":141,"column":11},"skip":true},"35":{"start":{"line":124,"column":12},"end":{"line":124,"column":54},"skip":true},"36":{"start":{"line":125,"column":12},"end":{"line":140,"column":14},"skip":true},"37":{"start":{"line":126,"column":16},"end":{"line":126,"column":28},"skip":true},"38":{"start":{"line":127,"column":16},"end":{"line":127,"column":69},"skip":true},"39":{"start":{"line":128,"column":16},"end":{"line":128,"column":75},"skip":true},"40":{"start":{"line":129,"column":16},"end":{"line":131,"column":17},"skip":true},"41":{"start":{"line":130,"column":20},"end":{"line":130,"column":27},"skip":true},"42":{"start":{"line":133,"column":16},"end":{"line":137,"column":36},"skip":true},"43":{"start":{"line":134,"column":20},"end":{"line":136,"column":55},"skip":true},"44":{"start":{"line":139,"column":16},"end":{"line":139,"column":57},"skip":true},"45":{"start":{"line":143,"column":8},"end":{"line":147,"column":11},"skip":true},"46":{"start":{"line":144,"column":12},"end":{"line":146,"column":15},"skip":true},"47":{"start":{"line":145,"column":16},"end":{"line":145,"column":70},"skip":true},"48":{"start":{"line":149,"column":8},"end":{"line":149,"column":31},"skip":true},"49":{"start":{"line":150,"column":8},"end":{"line":150,"column":14},"skip":true},"50":{"start":{"line":158,"column":8},"end":{"line":158,"column":31},"skip":true},"51":{"start":{"line":160,"column":8},"end":{"line":160,"column":33},"skip":true},"52":{"start":{"line":161,"column":8},"end":{"line":161,"column":37},"skip":true},"53":{"start":{"line":162,"column":8},"end":{"line":162,"column":35},"skip":true},"54":{"start":{"line":164,"column":8},"end":{"line":164,"column":50},"skip":true},"55":{"start":{"line":166,"column":8},"end":{"line":256,"column":2},"skip":true},"56":{"start":{"line":258,"column":8},"end":{"line":286,"column":9},"skip":true},"57":{"start":{"line":259,"column":12},"end":{"line":269,"column":14},"skip":true},"58":{"start":{"line":271,"column":12},"end":{"line":285,"column":19},"skip":true},"59":{"start":{"line":274,"column":20},"end":{"line":274,"column":35},"skip":true},"60":{"start":{"line":275,"column":20},"end":{"line":284,"column":21},"skip":true},"61":{"start":{"line":277,"column":24},"end":{"line":277,"column":64},"skip":true},"62":{"start":{"line":279,"column":24},"end":{"line":279,"column":40},"skip":true},"63":{"start":{"line":281,"column":24},"end":{"line":281,"column":40},"skip":true},"64":{"start":{"line":283,"column":24},"end":{"line":283,"column":39},"skip":true},"65":{"start":{"line":288,"column":8},"end":{"line":290,"column":9},"skip":true},"66":{"start":{"line":289,"column":12},"end":{"line":289,"column":18},"skip":true},"67":{"start":{"line":291,"column":8},"end":{"line":293,"column":54},"skip":true},"68":{"start":{"line":296,"column":8},"end":{"line":301,"column":37},"skip":true},"69":{"start":{"line":303,"column":8},"end":{"line":303,"column":82},"skip":true},"70":{"start":{"line":306,"column":8},"end":{"line":308,"column":9},"skip":true},"71":{"start":{"line":307,"column":12},"end":{"line":307,"column":82},"skip":true},"72":{"start":{"line":310,"column":8},"end":{"line":312,"column":9},"skip":true},"73":{"start":{"line":311,"column":12},"end":{"line":311,"column":18},"skip":true},"74":{"start":{"line":313,"column":8},"end":{"line":313,"column":54},"skip":true},"75":{"start":{"line":314,"column":8},"end":{"line":314,"column":69},"skip":true},"76":{"start":{"line":315,"column":8},"end":{"line":323,"column":36},"skip":true},"77":{"start":{"line":316,"column":12},"end":{"line":316,"column":61},"skip":true},"78":{"start":{"line":317,"column":12},"end":{"line":320,"column":13},"skip":true},"79":{"start":{"line":318,"column":16},"end":{"line":318,"column":75},"skip":true},"80":{"start":{"line":319,"column":16},"end":{"line":319,"column":23},"skip":true},"81":{"start":{"line":321,"column":12},"end":{"line":321,"column":38},"skip":true},"82":{"start":{"line":322,"column":12},"end":{"line":322,"column":27},"skip":true},"83":{"start":{"line":324,"column":8},"end":{"line":324,"column":14},"skip":true}},"branchMap":{"1":{"line":39,"type":"binary-expr","locations":[{"start":{"line":39,"column":23},"end":{"line":39,"column":62}},{"start":{"line":40,"column":20},"end":{"line":40,"column":70}},{"start":{"line":41,"column":20},"end":{"line":41,"column":71}},{"start":{"line":42,"column":20},"end":{"line":42,"column":29}}]},"2":{"line":44,"type":"binary-expr","locations":[{"start":{"line":44,"column":23},"end":{"line":44,"column":37}},{"start":{"line":45,"column":20},"end":{"line":45,"column":61}},{"start":{"line":46,"column":20},"end":{"line":46,"column":70}},{"start":{"line":47,"column":20},"end":{"line":47,"column":26}}]},"3":{"line":51,"type":"cond-expr","locations":[{"start":{"line":52,"column":14},"end":{"line":52,"column":20}},{"start":{"line":53,"column":14},"end":{"line":53,"column":20}}]},"4":{"line":55,"type":"binary-expr","locations":[{"start":{"line":55,"column":16},"end":{"line":55,"column":44}},{"start":{"line":55,"column":49},"end":{"line":57,"column":43}}]},"5":{"line":55,"type":"cond-expr","locations":[{"start":{"line":56,"column":14},"end":{"line":56,"column":62}},{"start":{"line":57,"column":14},"end":{"line":57,"column":43}}]},"6":{"line":61,"type":"switch","locations":[{"start":{"line":68,"column":4},"end":{"line":150,"column":14},"skip":true},{"start":{"line":156,"column":4},"end":{"line":324,"column":14},"skip":true}]},"7":{"line":70,"type":"if","locations":[{"start":{"line":70,"column":12},"end":{"line":70,"column":12},"skip":true},{"start":{"line":70,"column":12},"end":{"line":70,"column":12},"skip":true}]},"8":{"line":70,"type":"binary-expr","locations":[{"start":{"line":70,"column":16},"end":{"line":70,"column":22},"skip":true},{"start":{"line":70,"column":27},"end":{"line":70,"column":32},"skip":true},{"start":{"line":71,"column":20},"end":{"line":71,"column":39},"skip":true},{"start":{"line":72,"column":20},"end":{"line":72,"column":49},"skip":true},{"start":{"line":73,"column":20},"end":{"line":73,"column":58},"skip":true},{"start":{"line":74,"column":20},"end":{"line":74,"column":69},"skip":true}]},"9":{"line":79,"type":"switch","locations":[{"start":{"line":80,"column":20},"end":{"line":80,"column":33},"skip":true},{"start":{"line":81,"column":20},"end":{"line":83,"column":30},"skip":true},{"start":{"line":84,"column":20},"end":{"line":85,"column":49},"skip":true}]},"10":{"line":89,"type":"switch","locations":[{"start":{"line":90,"column":12},"end":{"line":103,"column":22},"skip":true},{"start":{"line":105,"column":12},"end":{"line":106,"column":22},"skip":true}]},"11":{"line":89,"type":"binary-expr","locations":[{"start":{"line":89,"column":20},"end":{"line":89,"column":25},"skip":true},{"start":{"line":89,"column":29},"end":{"line":89,"column":48},"skip":true},{"start":{"line":89,"column":52},"end":{"line":89,"column":74},"skip":true}]},"12":{"line":92,"type":"if","locations":[{"start":{"line":92,"column":16},"end":{"line":92,"column":16},"skip":true},{"start":{"line":92,"column":16},"end":{"line":92,"column":16},"skip":true}]},"13":{"line":108,"type":"if","locations":[{"start":{"line":108,"column":12},"end":{"line":108,"column":12},"skip":true},{"start":{"line":108,"column":12},"end":{"line":108,"column":12},"skip":true}]},"14":{"line":108,"type":"binary-expr","locations":[{"start":{"line":108,"column":16},"end":{"line":108,"column":61},"skip":true},{"start":{"line":108,"column":66},"end":{"line":108,"column":72},"skip":true},{"start":{"line":108,"column":77},"end":{"line":108,"column":82},"skip":true},{"start":{"line":109,"column":20},"end":{"line":109,"column":39},"skip":true},{"start":{"line":110,"column":20},"end":{"line":110,"column":49},"skip":true},{"start":{"line":111,"column":20},"end":{"line":111,"column":58},"skip":true},{"start":{"line":112,"column":20},"end":{"line":112,"column":68},"skip":true}]},"15":{"line":129,"type":"if","locations":[{"start":{"line":129,"column":16},"end":{"line":129,"column":16},"skip":true},{"start":{"line":129,"column":16},"end":{"line":129,"column":16},"skip":true}]},"16":{"line":134,"type":"cond-expr","locations":[{"start":{"line":135,"column":26},"end":{"line":135,"column":29},"skip":true},{"start":{"line":136,"column":26},"end":{"line":136,"column":54},"skip":true}]},"17":{"line":164,"type":"binary-expr","locations":[{"start":{"line":164,"column":27},"end":{"line":164,"column":43},"skip":true},{"start":{"line":164,"column":47},"end":{"line":164,"column":49},"skip":true}]},"18":{"line":258,"type":"if","locations":[{"start":{"line":258,"column":8},"end":{"line":258,"column":8},"skip":true},{"start":{"line":258,"column":8},"end":{"line":258,"column":8},"skip":true}]},"19":{"line":275,"type":"switch","locations":[{"start":{"line":276,"column":20},"end":{"line":277,"column":64},"skip":true},{"start":{"line":278,"column":20},"end":{"line":279,"column":40},"skip":true},{"start":{"line":280,"column":20},"end":{"line":281,"column":40},"skip":true},{"start":{"line":282,"column":20},"end":{"line":283,"column":39},"skip":true}]},"20":{"line":288,"type":"if","locations":[{"start":{"line":288,"column":8},"end":{"line":288,"column":8},"skip":true},{"start":{"line":288,"column":8},"end":{"line":288,"column":8},"skip":true}]},"21":{"line":288,"type":"binary-expr","locations":[{"start":{"line":288,"column":12},"end":{"line":288,"column":40},"skip":true},{"start":{"line":288,"column":44},"end":{"line":288,"column":67},"skip":true}]},"22":{"line":292,"type":"binary-expr","locations":[{"start":{"line":292,"column":12},"end":{"line":292,"column":50},"skip":true},{"start":{"line":293,"column":12},"end":{"line":293,"column":53},"skip":true}]},"23":{"line":297,"type":"binary-expr","locations":[{"start":{"line":297,"column":12},"end":{"line":297,"column":76},"skip":true},{"start":{"line":298,"column":12},"end":{"line":301,"column":36},"skip":true}]},"24":{"line":303,"type":"binary-expr","locations":[{"start":{"line":303,"column":43},"end":{"line":303,"column":75},"skip":true},{"start":{"line":303,"column":79},"end":{"line":303,"column":81},"skip":true}]},"25":{"line":306,"type":"if","locations":[{"start":{"line":306,"column":8},"end":{"line":306,"column":8},"skip":true},{"start":{"line":306,"column":8},"end":{"line":306,"column":8},"skip":true}]},"26":{"line":310,"type":"if","locations":[{"start":{"line":310,"column":8},"end":{"line":310,"column":8},"skip":true},{"start":{"line":310,"column":8},"end":{"line":310,"column":8},"skip":true}]},"27":{"line":313,"type":"binary-expr","locations":[{"start":{"line":313,"column":27},"end":{"line":313,"column":43},"skip":true},{"start":{"line":313,"column":47},"end":{"line":313,"column":53},"skip":true}]},"28":{"line":317,"type":"if","locations":[{"start":{"line":317,"column":12},"end":{"line":317,"column":12},"skip":true},{"start":{"line":317,"column":12},"end":{"line":317,"column":12},"skip":true}]}},"code":["/*","example.js","","quickstart example","","instruction","    1. save this script as example.js","    2. run the shell command:","        $ npm install npmtest-homebridge-netatmo && PORT=8081 node example.js","    3. play with the browser-demo on http://127.0.0.1:8081","*/","","","","/* istanbul instrument in package npmtest_homebridge_netatmo */","/*jslint","    bitwise: true,","    browser: true,","    maxerr: 8,","    maxlen: 96,","    node: true,","    nomen: true,","    regexp: true,","    stupid: true","*/","(function () {","    'use strict';","    var local;","","","","    // run shared js-env code - pre-init","    (function () {","        // init local","        local = {};","        // init modeJs","        local.modeJs = (function () {","            try {","                return typeof navigator.userAgent === 'string' &&","                    typeof document.querySelector('body') === 'object' &&","                    typeof XMLHttpRequest.prototype.open === 'function' &&","                    'browser';","            } catch (errorCaughtBrowser) {","                return module.exports &&","                    typeof process.versions.node === 'string' &&","                    typeof require('http').createServer === 'function' &&","                    'node';","            }","        }());","        // init global","        local.global = local.modeJs === 'browser'","            ? window","            : global;","        // init utility2_rollup","        local = local.global.utility2_rollup || (local.modeJs === 'browser'","            ? local.global.utility2_npmtest_homebridge_netatmo","            : global.utility2_moduleExports);","        // export local","        local.global.local = local;","    }());","    switch (local.modeJs) {","","","","    // post-init","    // run browser js-env code - post-init","    /* istanbul ignore next */","    case 'browser':","        local.testRunBrowser = function (event) {","            if (!event || (event &&","                    event.currentTarget &&","                    event.currentTarget.className &&","                    event.currentTarget.className.includes &&","                    event.currentTarget.className.includes('onreset'))) {","                // reset output","                Array.from(","                    document.querySelectorAll('body > .resettable')","                ).forEach(function (element) {","                    switch (element.tagName) {","                    case 'INPUT':","                    case 'TEXTAREA':","                        element.value = '';","                        break;","                    default:","                        element.textContent = '';","                    }","                });","            }","            switch (event && event.currentTarget && event.currentTarget.id) {","            case 'testRunButton1':","                // show tests","                if (document.querySelector('#testReportDiv1').style.display === 'none') {","                    document.querySelector('#testReportDiv1').style.display = 'block';","                    document.querySelector('#testRunButton1').textContent =","                        'hide internal test';","                    local.modeTest = true;","                    local.testRunDefault(local);","                // hide tests","                } else {","                    document.querySelector('#testReportDiv1').style.display = 'none';","                    document.querySelector('#testRunButton1').textContent = 'run internal test';","                }","                break;","            // custom-case","            default:","                break;","            }","            if (document.querySelector('#inputTextareaEval1') && (!event || (event &&","                    event.currentTarget &&","                    event.currentTarget.className &&","                    event.currentTarget.className.includes &&","                    event.currentTarget.className.includes('oneval')))) {","                // try to eval input-code","                try {","                    /*jslint evil: true*/","                    eval(document.querySelector('#inputTextareaEval1').value);","                } catch (errorCaught) {","                    console.error(errorCaught);","                }","            }","        };","        // log stderr and stdout to #outputTextareaStdout1","        ['error', 'log'].forEach(function (key) {","            console[key + '_original'] = console[key];","            console[key] = function () {","                var element;","                console[key + '_original'].apply(console, arguments);","                element = document.querySelector('#outputTextareaStdout1');","                if (!element) {","                    return;","                }","                // append text to #outputTextareaStdout1","                element.value += Array.from(arguments).map(function (arg) {","                    return typeof arg === 'string'","                        ? arg","                        : JSON.stringify(arg, null, 4);","                }).join(' ') + '\\n';","                // scroll textarea to bottom","                element.scrollTop = element.scrollHeight;","            };","        });","        // init event-handling","        ['change', 'click', 'keyup'].forEach(function (event) {","            Array.from(document.querySelectorAll('.on' + event)).forEach(function (element) {","                element.addEventListener(event, local.testRunBrowser);","            });","        });","        // run tests","        local.testRunBrowser();","        break;","","","","    // run node js-env code - post-init","    /* istanbul ignore next */","    case 'node':","        // export local","        module.exports = local;","        // require modules","        local.fs = require('fs');","        local.http = require('http');","        local.url = require('url');","        // init assets","        local.assetsDict = local.assetsDict || {};","        /* jslint-ignore-begin */","        local.assetsDict['/assets.index.template.html'] = '\\","<!doctype html>\\n\\","<html lang=\"en\">\\n\\","<head>\\n\\","<meta charset=\"UTF-8\">\\n\\","<meta name=\"viewport\" content=\"width=device-width, initial-scale=1\">\\n\\","<title>{{env.npm_package_name}} (v{{env.npm_package_version}})</title>\\n\\","<style>\\n\\","/*csslint\\n\\","    box-sizing: false,\\n\\","    universal-selector: false\\n\\","*/\\n\\","* {\\n\\","    box-sizing: border-box;\\n\\","}\\n\\","body {\\n\\","    background: #dde;\\n\\","    font-family: Arial, Helvetica, sans-serif;\\n\\","    margin: 2rem;\\n\\","}\\n\\","body > * {\\n\\","    margin-bottom: 1rem;\\n\\","}\\n\\",".utility2FooterDiv {\\n\\","    margin-top: 20px;\\n\\","    text-align: center;\\n\\","}\\n\\","</style>\\n\\","<style>\\n\\","/*csslint\\n\\","*/\\n\\","textarea {\\n\\","    font-family: monospace;\\n\\","    height: 10rem;\\n\\","    width: 100%;\\n\\","}\\n\\","textarea[readonly] {\\n\\","    background: #ddd;\\n\\","}\\n\\","</style>\\n\\","</head>\\n\\","<body>\\n\\","<!-- utility2-comment\\n\\","<div id=\"ajaxProgressDiv1\" style=\"background: #d00; height: 2px; left: 0; margin: 0; padding: 0; position: fixed; top: 0; transition: background 0.5s, width 1.5s; width: 25%;\"></div>\\n\\","utility2-comment -->\\n\\","<h1>\\n\\","<!-- utility2-comment\\n\\","    <a\\n\\","        {{#if env.npm_package_homepage}}\\n\\","        href=\"{{env.npm_package_homepage}}\"\\n\\","        {{/if env.npm_package_homepage}}\\n\\","        target=\"_blank\"\\n\\","    >\\n\\","utility2-comment -->\\n\\","        {{env.npm_package_name}} (v{{env.npm_package_version}})\\n\\","<!-- utility2-comment\\n\\","    </a>\\n\\","utility2-comment -->\\n\\","</h1>\\n\\","<h3>{{env.npm_package_description}}</h3>\\n\\","<!-- utility2-comment\\n\\","<h4><a download href=\"assets.app.js\">download standalone app</a></h4>\\n\\","<button class=\"onclick onreset\" id=\"testRunButton1\">run internal test</button><br>\\n\\","<div id=\"testReportDiv1\" style=\"display: none;\"></div>\\n\\","utility2-comment -->\\n\\","\\n\\","\\n\\","\\n\\","<label>stderr and stdout</label>\\n\\","<textarea class=\"resettable\" id=\"outputTextareaStdout1\" readonly></textarea>\\n\\","<!-- utility2-comment\\n\\","{{#if isRollup}}\\n\\","<script src=\"assets.app.js\"></script>\\n\\","{{#unless isRollup}}\\n\\","utility2-comment -->\\n\\","<script src=\"assets.utility2.rollup.js\"></script>\\n\\","<script src=\"jsonp.utility2._stateInit?callback=window.utility2._stateInit\"></script>\\n\\","<script src=\"assets.npmtest_homebridge_netatmo.rollup.js\"></script>\\n\\","<script src=\"assets.example.js\"></script>\\n\\","<script src=\"assets.test.js\"></script>\\n\\","<!-- utility2-comment\\n\\","{{/if isRollup}}\\n\\","utility2-comment -->\\n\\","<div class=\"utility2FooterDiv\">\\n\\","    [ this app was created with\\n\\","    <a href=\"https://github.com/kaizhu256/node-utility2\" target=\"_blank\">utility2</a>\\n\\","    ]\\n\\","</div>\\n\\","</body>\\n\\","</html>\\n\\","';","        /* jslint-ignore-end */","        if (local.templateRender) {","            local.assetsDict['/'] = local.templateRender(","                local.assetsDict['/assets.index.template.html'],","                {","                    env: local.objectSetDefault(local.env, {","                        npm_package_description: 'the greatest app in the world!',","                        npm_package_name: 'my-app',","                        npm_package_nameAlias: 'my_app',","                        npm_package_version: '0.0.1'","                    })","                }","            );","        } else {","            local.assetsDict['/'] = local.assetsDict['/assets.index.template.html']","                .replace((/\\{\\{env\\.(\\w+?)\\}\\}/g), function (match0, match1) {","                    // jslint-hack","                    String(match0);","                    switch (match1) {","                    case 'npm_package_description':","                        return 'the greatest app in the world!';","                    case 'npm_package_name':","                        return 'my-app';","                    case 'npm_package_nameAlias':","                        return 'my_app';","                    case 'npm_package_version':","                        return '0.0.1';","                    }","                });","        }","        // run the cli","        if (local.global.utility2_rollup || module !== require.main) {","            break;","        }","        local.assetsDict['/assets.example.js'] =","            local.assetsDict['/assets.example.js'] ||","            local.fs.readFileSync(__filename, 'utf8');","        // bug-workaround - long $npm_package_buildCustomOrg","        /* jslint-ignore-begin */","        local.assetsDict['/assets.npmtest_homebridge_netatmo.rollup.js'] =","            local.assetsDict['/assets.npmtest_homebridge_netatmo.rollup.js'] ||","            local.fs.readFileSync(","                local.npmtest_homebridge_netatmo.__dirname + '/lib.npmtest_homebridge_netatmo.js',","                'utf8'","            ).replace((/^#!/), '//');","        /* jslint-ignore-end */","        local.assetsDict['/favicon.ico'] = local.assetsDict['/favicon.ico'] || '';","        // if $npm_config_timeout_exit exists,","        // then exit this process after $npm_config_timeout_exit ms","        if (Number(process.env.npm_config_timeout_exit)) {","            setTimeout(process.exit, Number(process.env.npm_config_timeout_exit));","        }","        // start server","        if (local.global.utility2_serverHttp1) {","            break;","        }","        process.env.PORT = process.env.PORT || '8081';","        console.error('server starting on port ' + process.env.PORT);","        local.http.createServer(function (request, response) {","            request.urlParsed = local.url.parse(request.url);","            if (local.assetsDict[request.urlParsed.pathname] !== undefined) {","                response.end(local.assetsDict[request.urlParsed.pathname]);","                return;","            }","            response.statusCode = 404;","            response.end();","        }).listen(process.env.PORT);","        break;","    }","}());",""],"l":{"26":2,"28":2,"33":2,"35":2,"37":2,"38":2,"39":2,"44":1,"51":2,"55":2,"59":2,"61":2,"69":1,"70":2,"76":2,"79":2,"82":2,"83":2,"85":1,"89":2,"92":1,"93":1,"94":1,"96":1,"97":1,"100":1,"101":1,"103":1,"106":1,"108":2,"114":1,"116":1,"118":1,"123":1,"124":2,"125":2,"126":3,"127":3,"128":3,"129":3,"130":1,"133":3,"134":3,"139":3,"143":1,"144":3,"145":1,"149":1,"150":1,"158":1,"160":1,"161":1,"162":1,"164":1,"166":1,"258":1,"259":1,"271":1,"274":6,"275":6,"277":1,"279":2,"281":1,"283":2,"288":1,"289":1,"291":1,"296":1,"303":1,"306":1,"307":1,"310":1,"311":1,"313":1,"314":1,"315":1,"316":1,"317":1,"318":1,"319":1,"321":1,"322":1,"324":1}},"/home/travis/build/npmtest/node-npmtest-homebridge-netatmo/node_modules/homebridge-netatmo/index.js":{"path":"/home/travis/build/npmtest/node-npmtest-homebridge-netatmo/node_modules/homebridge-netatmo/index.js","s":{"1":1,"2":1,"3":1,"4":1,"5":0,"6":0,"7":1,"8":1,"9":0,"10":0,"11":0,"12":0,"13":0,"14":0,"15":0,"16":0,"17":0,"18":0,"19":0,"20":0,"21":0,"22":0,"23":0,"24":0,"25":0,"26":0,"27":0,"28":0,"29":0,"30":0,"31":0,"32":0,"33":0,"34":0,"35":0,"36":0,"37":0,"38":0,"39":0,"40":0,"41":0,"42":0},"b":{"1":[0,0],"2":[0,0],"3":[0,0],"4":[0,0]},"f":{"1":0,"2":0,"3":0,"4":0,"5":0,"6":0,"7":0,"8":0,"9":0,"10":0},"fnMap":{"1":{"name":"(anonymous_1)","line":8,"loc":{"start":{"line":8,"column":17},"end":{"line":8,"column":40}}},"2":{"name":"(anonymous_2)","line":19,"loc":{"start":{"line":19,"column":13},"end":{"line":19,"column":27}}},"3":{"name":"(anonymous_3)","line":33,"loc":{"start":{"line":33,"column":25},"end":{"line":33,"column":42}}},"4":{"name":"(anonymous_4)","line":36,"loc":{"start":{"line":36,"column":27},"end":{"line":36,"column":44}}},"5":{"name":"(anonymous_5)","line":41,"loc":{"start":{"line":41,"column":13},"end":{"line":41,"column":24}}},"6":{"name":"(anonymous_6)","line":46,"loc":{"start":{"line":46,"column":26},"end":{"line":46,"column":48}}},"7":{"name":"(anonymous_7)","line":60,"loc":{"start":{"line":60,"column":13},"end":{"line":60,"column":16}}},"8":{"name":"(anonymous_8)","line":65,"loc":{"start":{"line":65,"column":24},"end":{"line":65,"column":45}}},"9":{"name":"(anonymous_9)","line":67,"loc":{"start":{"line":67,"column":19},"end":{"line":67,"column":38}}},"10":{"name":"(anonymous_10)","line":70,"loc":{"start":{"line":70,"column":45},"end":{"line":70,"column":78}}}},"statementMap":{"1":{"start":{"line":2,"column":0},"end":{"line":2,"column":14}},"2":{"start":{"line":3,"column":0},"end":{"line":3,"column":63}},"3":{"start":{"line":4,"column":0},"end":{"line":4,"column":29}},"4":{"start":{"line":8,"column":0},"end":{"line":13,"column":1}},"5":{"start":{"line":10,"column":2},"end":{"line":10,"column":27}},"6":{"start":{"line":12,"column":2},"end":{"line":12,"column":80}},"7":{"start":{"line":15,"column":0},"end":{"line":15,"column":33}},"8":{"start":{"line":16,"column":0},"end":{"line":16,"column":40}},"9":{"start":{"line":20,"column":4},"end":{"line":20,"column":19}},"10":{"start":{"line":21,"column":4},"end":{"line":21,"column":31}},"11":{"start":{"line":22,"column":4},"end":{"line":22,"column":31}},"12":{"start":{"line":25,"column":4},"end":{"line":25,"column":47}},"13":{"start":{"line":27,"column":4},"end":{"line":32,"column":5}},"14":{"start":{"line":28,"column":6},"end":{"line":28,"column":74}},"15":{"start":{"line":29,"column":6},"end":{"line":29,"column":67}},"16":{"start":{"line":31,"column":6},"end":{"line":31,"column":45}},"17":{"start":{"line":33,"column":4},"end":{"line":35,"column":18}},"18":{"start":{"line":34,"column":6},"end":{"line":34,"column":50}},"19":{"start":{"line":36,"column":4},"end":{"line":38,"column":18}},"20":{"start":{"line":37,"column":6},"end":{"line":37,"column":48}},"21":{"start":{"line":42,"column":4},"end":{"line":42,"column":42}},"22":{"start":{"line":44,"column":4},"end":{"line":44,"column":35}},"23":{"start":{"line":46,"column":4},"end":{"line":57,"column":18}},"24":{"start":{"line":47,"column":6},"end":{"line":55,"column":7}},"25":{"start":{"line":48,"column":8},"end":{"line":48,"column":34}},"26":{"start":{"line":50,"column":8},"end":{"line":54,"column":9}},"27":{"start":{"line":51,"column":10},"end":{"line":53,"column":11}},"28":{"start":{"line":52,"column":12},"end":{"line":52,"column":53}},"29":{"start":{"line":56,"column":6},"end":{"line":56,"column":38}},"30":{"start":{"line":61,"column":4},"end":{"line":61,"column":94}},"31":{"start":{"line":63,"column":4},"end":{"line":63,"column":19}},"32":{"start":{"line":65,"column":4},"end":{"line":79,"column":18}},"33":{"start":{"line":66,"column":6},"end":{"line":78,"column":7}},"34":{"start":{"line":67,"column":8},"end":{"line":73,"column":22}},"35":{"start":{"line":68,"column":10},"end":{"line":68,"column":88}},"36":{"start":{"line":69,"column":10},"end":{"line":69,"column":72}},"37":{"start":{"line":70,"column":10},"end":{"line":72,"column":13}},"38":{"start":{"line":71,"column":12},"end":{"line":71,"column":45}},"39":{"start":{"line":75,"column":8},"end":{"line":75,"column":59}},"40":{"start":{"line":76,"column":8},"end":{"line":76,"column":22}},"41":{"start":{"line":77,"column":8},"end":{"line":77,"column":28}},"42":{"start":{"line":81,"column":4},"end":{"line":81,"column":17}}},"branchMap":{"1":{"line":21,"type":"binary-expr","locations":[{"start":{"line":21,"column":18},"end":{"line":21,"column":24}},{"start":{"line":21,"column":28},"end":{"line":21,"column":30}}]},"2":{"line":27,"type":"if","locations":[{"start":{"line":27,"column":4},"end":{"line":27,"column":4}},{"start":{"line":27,"column":4},"end":{"line":27,"column":4}}]},"3":{"line":47,"type":"if","locations":[{"start":{"line":47,"column":6},"end":{"line":47,"column":6}},{"start":{"line":47,"column":6},"end":{"line":47,"column":6}}]},"4":{"line":61,"type":"binary-expr","locations":[{"start":{"line":61,"column":22},"end":{"line":61,"column":45}},{"start":{"line":61,"column":49},"end":{"line":61,"column":93}}]}},"code":["'use strict';","var homebridge","var NetatmoWeatherStationAccessory, NetatmoThermostatAccessory;","var async = require('async');","","// TODO: user info auswerten (metrisch /imperial ...)","","module.exports = function (pHomebridge) {","","  homebridge = pHomebridge;","","  homebridge.registerPlatform(\"homebridge-netatmo\", \"netatmo\", NetatmoPlatform);","}","","var netatmo = require(\"netatmo\");","var inherits = require('util').inherits;","","class NetatmoPlatform {","  constructor(log, config) {","    this.log = log;","    this.config = config || {};","    this.foundAccessories = [];","","    // If this log message is not seen, most likely the config.js is not found.","    this.log.debug('Creating NetatmoPlatform');","","    if (config.mockapi) {","      this.log.warn('CAUTION! USING FAKE NETATMO API: ' + config.mockapi);","      this.api = require(\"./lib/netatmo-api-mock\")(config.mockapi);","    } else {","      this.api = new netatmo(config[\"auth\"]);","    }","    this.api.on(\"error\", function (error) {","      this.log.error('ERROR - Netatmo: ' + error);","    }.bind(this));","    this.api.on(\"warning\", function (error) {","      this.log.warn('WARN - Netatmo: ' + error);","    }.bind(this));","  }","","  accessories(callback) {","    this.log.debug(\"Loading accessories\");","","    var calls = this.loadDevices();","  ","    async.parallel(calls, function(err, result) {","      if (err) {","        this.log(\"Error: \" + err);","      } else {","        for (var i = 0; i < result.length; i++) {","          for (var j = 0; j < result[i].length; j++) {","            this.foundAccessories.push(result[i][j]);","          }","        }","      }","      callback(this.foundAccessories);    ","    }.bind(this));","  }","","  loadDevices() {","    var deviceTypes = this.config.deviceTypes || [ \"weatherstation\", \"thermostat\", \"camera\" ];","","    var calls = [];","","    deviceTypes.forEach(function(deviceType) {","      try {","        calls.push(function(callback) {","          var DeviceType = require('./device/' + deviceType + '-device.js')(homebridge);","          var devType = new DeviceType(this.log, this.api, this.config);","          devType.buildAccessoriesForDevices(function(err, deviceAccessories) {","            callback(err, deviceAccessories);","          });","        }.bind(this));","      } catch (err) {","        this.log(\"Could not process device \" + deviceType);","        this.log(err);","        this.log(err.stack); ","      }","    }.bind(this));","","    return calls;","  }","}",""],"l":{"2":1,"3":1,"4":1,"8":1,"10":0,"12":0,"15":1,"16":1,"20":0,"21":0,"22":0,"25":0,"27":0,"28":0,"29":0,"31":0,"33":0,"34":0,"36":0,"37":0,"42":0,"44":0,"46":0,"47":0,"48":0,"50":0,"51":0,"52":0,"56":0,"61":0,"63":0,"65":0,"66":0,"67":0,"68":0,"69":0,"70":0,"71":0,"75":0,"76":0,"77":0,"81":0}},"/home/travis/build/npmtest/node-npmtest-homebridge-netatmo/node_modules/homebridge-netatmo/accessory/camera-accessory.js":{"path":"/home/travis/build/npmtest/node-npmtest-homebridge-netatmo/node_modules/homebridge-netatmo/accessory/camera-accessory.js","s":{"1":1,"2":1,"3":1,"4":1,"5":1,"6":0,"7":0,"8":0,"9":0,"10":0,"11":0,"12":0,"13":0,"14":0,"15":0,"16":0,"17":0,"18":0,"19":0,"20":0,"21":0,"22":0,"23":0,"24":0,"25":0,"26":0,"27":0,"28":0,"29":0,"30":0,"31":0,"32":0,"33":0,"34":0,"35":0,"36":0,"37":0,"38":0,"39":0,"40":0,"41":0,"42":0,"43":0,"44":0,"45":0,"46":0,"47":0,"48":0,"49":0},"b":{"1":[0,0],"2":[0,0],"3":[0,0],"4":[0,0],"5":[0,0],"6":[0,0],"7":[0,0],"8":[0,0],"9":[0,0],"10":[0,0],"11":[0,0],"12":[0,0],"13":[0,0],"14":[0,0],"15":[0,0],"16":[0,0]},"f":{"1":0,"2":0,"3":0,"4":0,"5":0,"6":0,"7":0,"8":0,"9":0,"10":0,"11":0,"12":0},"fnMap":{"1":{"name":"(anonymous_1)","line":11,"loc":{"start":{"line":11,"column":17},"end":{"line":11,"column":39}}},"2":{"name":"(anonymous_2)","line":19,"loc":{"start":{"line":19,"column":15},"end":{"line":19,"column":43}}},"3":{"name":"(anonymous_3)","line":34,"loc":{"start":{"line":34,"column":23},"end":{"line":34,"column":43}}},"4":{"name":"(anonymous_4)","line":38,"loc":{"start":{"line":38,"column":15},"end":{"line":38,"column":26}}},"5":{"name":"(anonymous_5)","line":39,"loc":{"start":{"line":39,"column":36},"end":{"line":39,"column":63}}},"6":{"name":"(anonymous_6)","line":47,"loc":{"start":{"line":47,"column":16},"end":{"line":47,"column":29}}},"7":{"name":"(anonymous_7)","line":53,"loc":{"start":{"line":53,"column":24},"end":{"line":53,"column":37}}},"8":{"name":"(anonymous_8)","line":57,"loc":{"start":{"line":57,"column":32},"end":{"line":57,"column":48}}},"9":{"name":"(anonymous_9)","line":68,"loc":{"start":{"line":68,"column":24},"end":{"line":68,"column":40}}},"10":{"name":"(anonymous_10)","line":82,"loc":{"start":{"line":82,"column":17},"end":{"line":82,"column":25}}},"11":{"name":"(anonymous_11)","line":95,"loc":{"start":{"line":95,"column":17},"end":{"line":95,"column":28}}},"12":{"name":"(anonymous_12)","line":105,"loc":{"start":{"line":105,"column":10},"end":{"line":105,"column":26}}}},"statementMap":{"1":{"start":{"line":3,"column":0},"end":{"line":5,"column":8}},"2":{"start":{"line":7,"column":0},"end":{"line":7,"column":15}},"3":{"start":{"line":8,"column":0},"end":{"line":8,"column":19}},"4":{"start":{"line":9,"column":0},"end":{"line":9,"column":21}},"5":{"start":{"line":11,"column":0},"end":{"line":116,"column":1}},"6":{"start":{"line":12,"column":2},"end":{"line":16,"column":3}},"7":{"start":{"line":13,"column":4},"end":{"line":13,"column":29}},"8":{"start":{"line":14,"column":4},"end":{"line":14,"column":71}},"9":{"start":{"line":15,"column":4},"end":{"line":15,"column":51}},"10":{"start":{"line":21,"column":6},"end":{"line":28,"column":7}},"11":{"start":{"line":30,"column":6},"end":{"line":30,"column":56}},"12":{"start":{"line":32,"column":6},"end":{"line":32,"column":34}},"13":{"start":{"line":33,"column":6},"end":{"line":33,"column":34}},"14":{"start":{"line":34,"column":6},"end":{"line":34,"column":47}},"15":{"start":{"line":39,"column":6},"end":{"line":44,"column":20}},"16":{"start":{"line":40,"column":8},"end":{"line":42,"column":9}},"17":{"start":{"line":41,"column":10},"end":{"line":41,"column":40}},"18":{"start":{"line":43,"column":8},"end":{"line":43,"column":34}},"19":{"start":{"line":48,"column":6},"end":{"line":48,"column":64}},"20":{"start":{"line":49,"column":6},"end":{"line":49,"column":70}},"21":{"start":{"line":50,"column":6},"end":{"line":50,"column":35}},"22":{"start":{"line":54,"column":6},"end":{"line":54,"column":33}},"23":{"start":{"line":59,"column":6},"end":{"line":59,"column":22}},"24":{"start":{"line":61,"column":6},"end":{"line":61,"column":40}},"25":{"start":{"line":63,"column":6},"end":{"line":63,"column":58}},"26":{"start":{"line":65,"column":6},"end":{"line":65,"column":36}},"27":{"start":{"line":67,"column":6},"end":{"line":77,"column":7}},"28":{"start":{"line":68,"column":9},"end":{"line":75,"column":22}},"29":{"start":{"line":69,"column":10},"end":{"line":71,"column":11}},"30":{"start":{"line":70,"column":12},"end":{"line":70,"column":47}},"31":{"start":{"line":72,"column":10},"end":{"line":74,"column":11}},"32":{"start":{"line":73,"column":12},"end":{"line":73,"column":86}},"33":{"start":{"line":76,"column":8},"end":{"line":76,"column":56}},"34":{"start":{"line":79,"column":6},"end":{"line":79,"column":20}},"35":{"start":{"line":83,"column":6},"end":{"line":85,"column":7}},"36":{"start":{"line":84,"column":8},"end":{"line":84,"column":20}},"37":{"start":{"line":86,"column":6},"end":{"line":88,"column":7}},"38":{"start":{"line":87,"column":8},"end":{"line":87,"column":20}},"39":{"start":{"line":89,"column":6},"end":{"line":91,"column":7}},"40":{"start":{"line":90,"column":8},"end":{"line":90,"column":20}},"41":{"start":{"line":92,"column":6},"end":{"line":92,"column":19}},"42":{"start":{"line":96,"column":6},"end":{"line":96,"column":29}},"43":{"start":{"line":98,"column":6},"end":{"line":101,"column":7}},"44":{"start":{"line":99,"column":8},"end":{"line":99,"column":54}},"45":{"start":{"line":100,"column":8},"end":{"line":100,"column":27}},"46":{"start":{"line":103,"column":6},"end":{"line":109,"column":7}},"47":{"start":{"line":104,"column":8},"end":{"line":108,"column":10}},"48":{"start":{"line":106,"column":12},"end":{"line":106,"column":69}},"49":{"start":{"line":115,"column":2},"end":{"line":115,"column":25}}},"branchMap":{"1":{"line":12,"type":"if","locations":[{"start":{"line":12,"column":2},"end":{"line":12,"column":2}},{"start":{"line":12,"column":2},"end":{"line":12,"column":2}}]},"2":{"line":12,"type":"binary-expr","locations":[{"start":{"line":12,"column":6},"end":{"line":12,"column":17}},{"start":{"line":12,"column":21},"end":{"line":12,"column":32}}]},"3":{"line":24,"type":"binary-expr","locations":[{"start":{"line":24,"column":23},"end":{"line":24,"column":38}},{"start":{"line":24,"column":42},"end":{"line":24,"column":50}}]},"4":{"line":25,"type":"binary-expr","locations":[{"start":{"line":25,"column":20},"end":{"line":25,"column":39}},{"start":{"line":25,"column":43},"end":{"line":25,"column":46}}]},"5":{"line":26,"type":"binary-expr","locations":[{"start":{"line":26,"column":16},"end":{"line":26,"column":31}},{"start":{"line":26,"column":35},"end":{"line":26,"column":95}}]},"6":{"line":40,"type":"if","locations":[{"start":{"line":40,"column":8},"end":{"line":40,"column":8}},{"start":{"line":40,"column":8},"end":{"line":40,"column":8}}]},"7":{"line":67,"type":"if","locations":[{"start":{"line":67,"column":6},"end":{"line":67,"column":6}},{"start":{"line":67,"column":6},"end":{"line":67,"column":6}}]},"8":{"line":69,"type":"if","locations":[{"start":{"line":69,"column":10},"end":{"line":69,"column":10}},{"start":{"line":69,"column":10},"end":{"line":69,"column":10}}]},"9":{"line":72,"type":"if","locations":[{"start":{"line":72,"column":10},"end":{"line":72,"column":10}},{"start":{"line":72,"column":10},"end":{"line":72,"column":10}}]},"10":{"line":73,"type":"binary-expr","locations":[{"start":{"line":73,"column":36},"end":{"line":73,"column":57}},{"start":{"line":73,"column":61},"end":{"line":73,"column":86}}]},"11":{"line":83,"type":"if","locations":[{"start":{"line":83,"column":6},"end":{"line":83,"column":6}},{"start":{"line":83,"column":6},"end":{"line":83,"column":6}}]},"12":{"line":86,"type":"if","locations":[{"start":{"line":86,"column":6},"end":{"line":86,"column":6}},{"start":{"line":86,"column":6},"end":{"line":86,"column":6}}]},"13":{"line":89,"type":"if","locations":[{"start":{"line":89,"column":6},"end":{"line":89,"column":6}},{"start":{"line":89,"column":6},"end":{"line":89,"column":6}}]},"14":{"line":98,"type":"if","locations":[{"start":{"line":98,"column":6},"end":{"line":98,"column":6}},{"start":{"line":98,"column":6},"end":{"line":98,"column":6}}]},"15":{"line":103,"type":"if","locations":[{"start":{"line":103,"column":6},"end":{"line":103,"column":6}},{"start":{"line":103,"column":6},"end":{"line":103,"column":6}}]},"16":{"line":106,"type":"binary-expr","locations":[{"start":{"line":106,"column":12},"end":{"line":106,"column":37}},{"start":{"line":106,"column":41},"end":{"line":106,"column":68}}]}},"code":["'use strict';","","const DEFAULT_SERVICES = [","        \"motionsensor-homekit\"","      ];","","var homebridge;","var Characteristic;","var NetatmoAccessory;","","module.exports = function(pHomebridge) {","  if (pHomebridge && !homebridge) {","    homebridge = pHomebridge;","    NetatmoAccessory = require(\"../lib/netatmo-accessory\")(homebridge);","    Characteristic = homebridge.hap.Characteristic;","  }","","  class CameraAccessory extends NetatmoAccessory {","    constructor(deviceData, netatmoDevice) {","","      var accessoryConfig = {","        \"id\": deviceData.id,","        // TODO: Check Modules in home!","        \"netatmoType\": deviceData.type || 'camera',","        \"firmware\": deviceData.firmware || 0.0,","        \"name\": deviceData.name || \"Netatmo \" + netatmoDevice.deviceType + \" \" + deviceData._id,","        \"defaultServices\": DEFAULT_SERVICES","      }","","      super(homebridge, accessoryConfig, netatmoDevice);","","      this.motionDetected = false;","      this.lastEventTimeStamp = 0;","      this.refreshData(function(err, data) {});","","    }","","    refreshData(callback) {","      this.device.refreshDeviceData(function (err, deviceData) {","        if (!err) {","          this.notifyUpdate(deviceData);","        }","        callback(err, deviceData);","      }.bind(this));","    }","","    notifyUpdate(deviceData) {","      var accessoryData = this.extractAccessoryData(deviceData);","      var homeData = this.mapAccessoryDataToCameraData(accessoryData);","      this.applyHomeData(homeData);","    }","","    extractAccessoryData(deviceData) {","      return deviceData[this.id];","    }","","    mapAccessoryDataToCameraData(accessoryData) {","      // this.log(JSON.stringify(accessoryData));","      var result = {};","","      var events = accessoryData.events;","","      var newLastEventTimeStamp = this.lastEventTimeStamp;","","      result.motionDetected = false;","","      if (events) {","         events.forEach(function(event) {","          if (event.time > newLastEventTimeStamp) {","            newLastEventTimeStamp = event.time;","          }","          if (event.time > this.lastEventTimeStamp) {","            result.motionDetected = result.motionDetected || this.eventIsMotion(event)","          }","        }.bind(this));","        this.lastEventTimeStamp = newLastEventTimeStamp;","      }","","      return result;","    }","","    eventIsMotion(event) {","      if (event.type == 'movement') {","        return true;","      }","      if (event.type == 'person') {","        return true;","      }","      if (event.type == 'outdoor') {","        return true;","      }","      return false;","    }","","    applyHomeData(homeData) {","      var dataChanged = false","","      if(this.motionDetected != homeData.motionDetected) {","        this.motionDetected = homeData.motionDetected;","        dataChanged = true;","      }","","      if (dataChanged) {","        this.getServices().forEach(","          function( svc ) {","            svc.updateCharacteristics && svc.updateCharacteristics();","          }","        );","      }","","    }","","  }","","  return CameraAccessory;","}",""],"l":{"3":1,"7":1,"8":1,"9":1,"11":1,"12":0,"13":0,"14":0,"15":0,"21":0,"30":0,"32":0,"33":0,"34":0,"39":0,"40":0,"41":0,"43":0,"48":0,"49":0,"50":0,"54":0,"59":0,"61":0,"63":0,"65":0,"67":0,"68":0,"69":0,"70":0,"72":0,"73":0,"76":0,"79":0,"83":0,"84":0,"86":0,"87":0,"89":0,"90":0,"92":0,"96":0,"98":0,"99":0,"100":0,"103":0,"104":0,"106":0,"115":0}},"/home/travis/build/npmtest/node-npmtest-homebridge-netatmo/node_modules/homebridge-netatmo/accessory/thermostat-accessory.js":{"path":"/home/travis/build/npmtest/node-npmtest-homebridge-netatmo/node_modules/homebridge-netatmo/accessory/thermostat-accessory.js","s":{"1":1,"2":1,"3":1,"4":1,"5":1,"6":1,"7":1,"8":1,"9":0,"10":0,"11":0,"12":0,"13":0,"14":0,"15":0,"16":0,"17":0,"18":0,"19":0,"20":0,"21":0,"22":0,"23":0,"24":0,"25":0,"26":0,"27":0,"28":0,"29":0,"30":0,"31":0,"32":0,"33":0,"34":0,"35":0,"36":0,"37":0,"38":0,"39":0,"40":0,"41":0,"42":0,"43":0,"44":0,"45":0,"46":0,"47":0,"48":0,"49":0,"50":0,"51":0,"52":0,"53":0,"54":0,"55":0,"56":0,"57":0,"58":0,"59":0,"60":0,"61":0,"62":0,"63":0,"64":0,"65":0,"66":0,"67":0,"68":0,"69":0,"70":0,"71":0,"72":0,"73":0,"74":0,"75":0,"76":0,"77":0,"78":0,"79":0,"80":0,"81":0,"82":0,"83":0,"84":0,"85":0,"86":0,"87":0,"88":0,"89":0,"90":0,"91":0,"92":0,"93":0},"b":{"1":[0,0],"2":[0,0],"3":[0,0],"4":[0,0],"5":[0,0],"6":[0,0],"7":[0,0],"8":[0,0],"9":[0,0],"10":[0,0],"11":[0,0],"12":[0,0],"13":[0,0],"14":[0,0],"15":[0,0],"16":[0,0],"17":[0,0],"18":[0,0],"19":[0,0],"20":[0,0,0,0],"21":[0,0],"22":[0,0],"23":[0,0],"24":[0,0],"25":[0,0],"26":[0,0],"27":[0,0],"28":[0,0],"29":[0,0]},"f":{"1":0,"2":0,"3":0,"4":0,"5":0,"6":0,"7":0,"8":0,"9":0,"10":0,"11":0,"12":0},"fnMap":{"1":{"name":"(anonymous_1)","line":16,"loc":{"start":{"line":16,"column":17},"end":{"line":16,"column":39}}},"2":{"name":"(anonymous_2)","line":24,"loc":{"start":{"line":24,"column":15},"end":{"line":24,"column":43}}},"3":{"name":"(anonymous_3)","line":46,"loc":{"start":{"line":46,"column":23},"end":{"line":46,"column":43}}},"4":{"name":"(anonymous_4)","line":50,"loc":{"start":{"line":50,"column":15},"end":{"line":50,"column":26}}},"5":{"name":"(anonymous_5)","line":51,"loc":{"start":{"line":51,"column":36},"end":{"line":51,"column":63}}},"6":{"name":"(anonymous_6)","line":59,"loc":{"start":{"line":59,"column":16},"end":{"line":59,"column":29}}},"7":{"name":"(anonymous_7)","line":65,"loc":{"start":{"line":65,"column":24},"end":{"line":65,"column":37}}},"8":{"name":"(anonymous_8)","line":69,"loc":{"start":{"line":69,"column":36},"end":{"line":69,"column":52}}},"9":{"name":"(anonymous_9)","line":113,"loc":{"start":{"line":113,"column":23},"end":{"line":113,"column":40}}},"10":{"name":"(anonymous_10)","line":166,"loc":{"start":{"line":166,"column":10},"end":{"line":166,"column":26}}},"11":{"name":"(anonymous_11)","line":173,"loc":{"start":{"line":173,"column":17},"end":{"line":173,"column":47}}},"12":{"name":"(anonymous_12)","line":179,"loc":{"start":{"line":179,"column":9},"end":{"line":179,"column":30}}}},"statementMap":{"1":{"start":{"line":3,"column":0},"end":{"line":6,"column":8}},"2":{"start":{"line":8,"column":0},"end":{"line":8,"column":31}},"3":{"start":{"line":9,"column":0},"end":{"line":9,"column":31}},"4":{"start":{"line":10,"column":0},"end":{"line":10,"column":32}},"5":{"start":{"line":12,"column":0},"end":{"line":12,"column":15}},"6":{"start":{"line":13,"column":0},"end":{"line":13,"column":19}},"7":{"start":{"line":14,"column":0},"end":{"line":14,"column":21}},"8":{"start":{"line":16,"column":0},"end":{"line":188,"column":1}},"9":{"start":{"line":17,"column":2},"end":{"line":21,"column":3}},"10":{"start":{"line":18,"column":4},"end":{"line":18,"column":29}},"11":{"start":{"line":19,"column":4},"end":{"line":19,"column":71}},"12":{"start":{"line":20,"column":4},"end":{"line":20,"column":51}},"13":{"start":{"line":26,"column":6},"end":{"line":33,"column":7}},"14":{"start":{"line":35,"column":6},"end":{"line":35,"column":56}},"15":{"start":{"line":37,"column":6},"end":{"line":37,"column":49}},"16":{"start":{"line":38,"column":6},"end":{"line":38,"column":37}},"17":{"start":{"line":39,"column":6},"end":{"line":39,"column":36}},"18":{"start":{"line":40,"column":6},"end":{"line":40,"column":32}},"19":{"start":{"line":41,"column":6},"end":{"line":41,"column":30}},"20":{"start":{"line":43,"column":6},"end":{"line":43,"column":86}},"21":{"start":{"line":44,"column":6},"end":{"line":44,"column":84}},"22":{"start":{"line":46,"column":6},"end":{"line":46,"column":47}},"23":{"start":{"line":51,"column":6},"end":{"line":56,"column":20}},"24":{"start":{"line":52,"column":8},"end":{"line":54,"column":9}},"25":{"start":{"line":53,"column":10},"end":{"line":53,"column":40}},"26":{"start":{"line":55,"column":8},"end":{"line":55,"column":34}},"27":{"start":{"line":60,"column":6},"end":{"line":60,"column":64}},"28":{"start":{"line":61,"column":6},"end":{"line":61,"column":80}},"29":{"start":{"line":62,"column":6},"end":{"line":62,"column":47}},"30":{"start":{"line":66,"column":6},"end":{"line":66,"column":33}},"31":{"start":{"line":71,"column":6},"end":{"line":71,"column":22}},"32":{"start":{"line":72,"column":6},"end":{"line":72,"column":44}},"33":{"start":{"line":74,"column":6},"end":{"line":109,"column":7}},"34":{"start":{"line":75,"column":8},"end":{"line":75,"column":64}},"35":{"start":{"line":77,"column":8},"end":{"line":77,"column":37}},"36":{"start":{"line":78,"column":8},"end":{"line":80,"column":9}},"37":{"start":{"line":79,"column":10},"end":{"line":79,"column":67}},"38":{"start":{"line":82,"column":8},"end":{"line":82,"column":39}},"39":{"start":{"line":83,"column":8},"end":{"line":88,"column":9}},"40":{"start":{"line":84,"column":10},"end":{"line":87,"column":11}},"41":{"start":{"line":85,"column":12},"end":{"line":85,"column":62}},"42":{"start":{"line":86,"column":12},"end":{"line":86,"column":49}},"43":{"start":{"line":90,"column":8},"end":{"line":90,"column":73}},"44":{"start":{"line":90,"column":43},"end":{"line":90,"column":73}},"45":{"start":{"line":92,"column":8},"end":{"line":92,"column":55}},"46":{"start":{"line":93,"column":8},"end":{"line":93,"column":55}},"47":{"start":{"line":95,"column":8},"end":{"line":95,"column":34}},"48":{"start":{"line":96,"column":8},"end":{"line":103,"column":9}},"49":{"start":{"line":97,"column":10},"end":{"line":99,"column":11}},"50":{"start":{"line":98,"column":12},"end":{"line":98,"column":163}},"51":{"start":{"line":100,"column":10},"end":{"line":102,"column":11}},"52":{"start":{"line":101,"column":12},"end":{"line":101,"column":37}},"53":{"start":{"line":104,"column":8},"end":{"line":106,"column":9}},"54":{"start":{"line":105,"column":10},"end":{"line":105,"column":38}},"55":{"start":{"line":108,"column":8},"end":{"line":108,"column":35}},"56":{"start":{"line":110,"column":6},"end":{"line":110,"column":20}},"57":{"start":{"line":114,"column":6},"end":{"line":114,"column":29}},"58":{"start":{"line":116,"column":6},"end":{"line":119,"column":7}},"59":{"start":{"line":117,"column":8},"end":{"line":117,"column":68}},"60":{"start":{"line":118,"column":8},"end":{"line":118,"column":27}},"61":{"start":{"line":121,"column":6},"end":{"line":124,"column":7}},"62":{"start":{"line":122,"column":8},"end":{"line":122,"column":66}},"63":{"start":{"line":123,"column":8},"end":{"line":123,"column":27}},"64":{"start":{"line":126,"column":6},"end":{"line":142,"column":7}},"65":{"start":{"line":127,"column":8},"end":{"line":127,"column":40}},"66":{"start":{"line":128,"column":8},"end":{"line":140,"column":9}},"67":{"start":{"line":130,"column":12},"end":{"line":130,"column":91}},"68":{"start":{"line":131,"column":12},"end":{"line":131,"column":18}},"69":{"start":{"line":133,"column":12},"end":{"line":133,"column":91}},"70":{"start":{"line":134,"column":12},"end":{"line":134,"column":18}},"71":{"start":{"line":136,"column":12},"end":{"line":136,"column":90}},"72":{"start":{"line":137,"column":12},"end":{"line":137,"column":18}},"73":{"start":{"line":139,"column":12},"end":{"line":139,"column":91}},"74":{"start":{"line":141,"column":8},"end":{"line":141,"column":27}},"75":{"start":{"line":144,"column":6},"end":{"line":152,"column":7}},"76":{"start":{"line":145,"column":8},"end":{"line":145,"column":46}},"77":{"start":{"line":146,"column":8},"end":{"line":150,"column":9}},"78":{"start":{"line":147,"column":10},"end":{"line":147,"column":91}},"79":{"start":{"line":149,"column":10},"end":{"line":149,"column":90}},"80":{"start":{"line":151,"column":8},"end":{"line":151,"column":27}},"81":{"start":{"line":154,"column":6},"end":{"line":157,"column":7}},"82":{"start":{"line":155,"column":8},"end":{"line":155,"column":60}},"83":{"start":{"line":156,"column":8},"end":{"line":156,"column":27}},"84":{"start":{"line":159,"column":6},"end":{"line":162,"column":7}},"85":{"start":{"line":160,"column":8},"end":{"line":160,"column":52}},"86":{"start":{"line":161,"column":8},"end":{"line":161,"column":27}},"87":{"start":{"line":164,"column":6},"end":{"line":170,"column":7}},"88":{"start":{"line":165,"column":8},"end":{"line":169,"column":10}},"89":{"start":{"line":167,"column":12},"end":{"line":167,"column":69}},"90":{"start":{"line":174,"column":6},"end":{"line":182,"column":20}},"91":{"start":{"line":180,"column":8},"end":{"line":180,"column":35}},"92":{"start":{"line":181,"column":8},"end":{"line":181,"column":29}},"93":{"start":{"line":187,"column":2},"end":{"line":187,"column":29}}},"branchMap":{"1":{"line":17,"type":"if","locations":[{"start":{"line":17,"column":2},"end":{"line":17,"column":2}},{"start":{"line":17,"column":2},"end":{"line":17,"column":2}}]},"2":{"line":17,"type":"binary-expr","locations":[{"start":{"line":17,"column":6},"end":{"line":17,"column":17}},{"start":{"line":17,"column":21},"end":{"line":17,"column":32}}]},"3":{"line":30,"type":"binary-expr","locations":[{"start":{"line":30,"column":16},"end":{"line":30,"column":39}},{"start":{"line":30,"column":43},"end":{"line":30,"column":103}}]},"4":{"line":52,"type":"if","locations":[{"start":{"line":52,"column":8},"end":{"line":52,"column":8}},{"start":{"line":52,"column":8},"end":{"line":52,"column":8}}]},"5":{"line":74,"type":"if","
[...]
},"21":{"start":{"line":74,"column":6},"end":{"line":74,"column":33}},"22":{"start":{"line":76,"column":6},"end":{"line":78,"column":29}},"23":{"start":{"line":79,"column":6},"end":{"line":81,"column":29}},"24":{"start":{"line":82,"column":6},"end":{"line":84,"column":29}},"25":{"start":{"line":86,"column":6},"end":{"line":86,"column":58}},"26":{"start":{"line":90,"column":6},"end":{"line":91,"column":51}},"27":{"start":{"line":92,"column":6},"end":{"line":93,"column":55}},"28":{"start":{"line":94,"column":6},"end":{"line":95,"column":56}},"29":{"start":{"line":99,"column":6},"end":{"line":101,"column":20}},"30":{"start":{"line":100,"column":8},"end":{"line":100,"column":48}},"31":{"start":{"line":105,"column":6},"end":{"line":107,"column":20}},"32":{"start":{"line":106,"column":8},"end":{"line":106,"column":52}},"33":{"start":{"line":111,"column":6},"end":{"line":113,"column":20}},"34":{"start":{"line":112,"column":8},"end":{"line":112,"column":53}},"35":{"start":{"line":117,"column":2},"end":{"line":117,"column":26}}},"branchMap":{"1":{"line":12,"type":"if","locations":[{"start":{"line":12,"column":2},"end":{"line":12,"column":2}},{"start":{"line":12,"column":2},"end":{"line":12,"column":2}}]},"2":{"line":12,"type":"binary-expr","locations":[{"start":{"line":12,"column":6},"end":{"line":12,"column":17}},{"start":{"line":12,"column":21},"end":{"line":12,"column":32}}]}},"code":["'use strict';","","var homebridge;","var Characteristic;","","const RAIN_LEVEL_STYPE_ID = \"D92D5391-92AF-4824-AF4A-356F25F25EA1\";","const RAIN_LEVEL_CTYPE_ID = \"C53F35CE-C615-4AA4-9112-EBF679C5EB14\";","const RAIN_LEVEL_SUM_1H_CTYPE_ID = \"11646117-878C-456B-A770-3924151F773D\";","const RAIN_LEVEL_SUM_24H_CTYPE_ID = \"E67DDC66-BEB7-4D0C-BD0C-022DB570DABC\";","","module.exports = function(pHomebridge) {","  if (pHomebridge && !homebridge) {","    homebridge = pHomebridge;","    Characteristic = homebridge.hap.Characteristic;","  }","","  class RainLevelCharacteristic extends Characteristic {","    constructor(accessory) {","      super('Rain Level', RAIN_LEVEL_CTYPE_ID);","      this.setProps({","        format: Characteristic.Formats.FLOAT,","        unit: \"mm\",","        minValue: 0,","        maxValue: 1000,","        minStep: 0.001,","        perms: [","          Characteristic.Perms.READ,","          Characteristic.Perms.NOTIFY","        ]","      });","      this.value = this.getDefaultValue();","    }","  }","","  class RainLevelSum1Characteristic extends Characteristic {","    constructor(accessory) {","      super('Rain Level (1 hour)', RAIN_LEVEL_SUM_1H_CTYPE_ID);","      this.setProps({","        format: Characteristic.Formats.FLOAT,","        unit: \"mm\",","        minValue: 0,","        maxValue: 1000,","        minStep: 0.001,","        perms: [","          Characteristic.Perms.READ,","          Characteristic.Perms.NOTIFY","        ]","      });","      this.value = this.getDefaultValue();","    }","  }","","  class RainLevelSum24Characteristic extends Characteristic {","    constructor(accessory) {","      super('Rain Level (24 hours)', RAIN_LEVEL_SUM_24H_CTYPE_ID);","      this.setProps({","        format: Characteristic.Formats.FLOAT,","        unit: \"mm\",","        minValue: 0,","        maxValue: 1000,","        minStep: 0.001,","        perms: [","          Characteristic.Perms.READ,","          Characteristic.Perms.NOTIFY","        ]","      });","      this.value = this.getDefaultValue();","    }","  }","","  class RainLevelService extends homebridge.hap.Service {","    constructor(accessory) {","      super(accessory.name + \" Rain Level\", RAIN_LEVEL_STYPE_ID);","      this.accessory = accessory;","","      this.addCharacteristic(RainLevelCharacteristic)","        .on('get', this.getRainLevel.bind(this))","        .eventEnabled = true;","      this.addCharacteristic(RainLevelSum1Characteristic)","        .on('get', this.getRainLevelSum1.bind(this))","        .eventEnabled = true;","      this.addCharacteristic(RainLevelSum24Characteristic)","        .on('get', this.getRainLevelSum24.bind(this))","        .eventEnabled = true;","","      this.addOptionalCharacteristic(Characteristic.Name);","    }","","    updateCharacteristics() {","      this.getCharacteristic(RainLevelCharacteristic)","            .updateValue(this.accessory.rainLevel);","      this.getCharacteristic(RainLevelSum1Characteristic)","            .updateValue(this.accessory.rainLevelSum1);","      this.getCharacteristic(RainLevelSum24Characteristic)","            .updateValue(this.accessory.rainLevelSum24);","    }","","    getRainLevel(callback) {","      this.accessory.refreshData(function(err,data) {","        callback(err, this.accessory.rainLevel);","      }.bind(this));","    }","","    getRainLevelSum1(callback) {","      this.accessory.refreshData(function(err,data) {","        callback(err, this.accessory.rainLevelSum1);","      }.bind(this));","    }","","    getRainLevelSum24(callback) {","      this.accessory.refreshData(function(err,data) {","        callback(err, this.accessory.rainLevelSum24);","      }.bind(this));","    }","  }","","  return RainLevelService;","}",""],"l":{"3":1,"4":1,"6":1,"7":1,"8":1,"9":1,"11":1,"12":0,"13":0,"14":0,"19":0,"20":0,"31":0,"37":0,"38":0,"49":0,"55":0,"56":0,"67":0,"73":0,"74":0,"76":0,"79":0,"82":0,"86":0,"90":0,"92":0,"94":0,"99":0,"100":0,"105":0,"106":0,"111":0,"112":0,"117":0}},"/home/travis/build/npmtest/node-npmtest-homebridge-netatmo/node_modules/homebridge-netatmo/service/weatherstation-temperature-homekit.js":{"path":"/home/travis/build/npmtest/node-npmtest-homebridge-netatmo/node_modules/homebridge-netatmo/service/weatherstation-temperature-homekit.js","s":{"1":1,"2":1,"3":1,"4":0,"5":0,"6":0,"7":0,"8":0,"9":0,"10":0,"11":0,"12":0,"13":0,"14":0,"15":0,"16":0},"b":{"1":[0,0],"2":[0,0]},"f":{"1":0,"2":0,"3":0,"4":0,"5":0},"fnMap":{"1":{"name":"(anonymous_1)","line":6,"loc":{"start":{"line":6,"column":17},"end":{"line":6,"column":39}}},"2":{"name":"(anonymous_2)","line":13,"loc":{"start":{"line":13,"column":15},"end":{"line":13,"column":27}}},"3":{"name":"(anonymous_3)","line":24,"loc":{"start":{"line":24,"column":25},"end":{"line":24,"column":28}}},"4":{"name":"(anonymous_4)","line":29,"loc":{"start":{"line":29,"column":25},"end":{"line":29,"column":36}}},"5":{"name":"(anonymous_5)","line":30,"loc":{"start":{"line":30,"column":33},"end":{"line":30,"column":52}}}},"statementMap":{"1":{"start":{"line":3,"column":0},"end":{"line":3,"column":15}},"2":{"start":{"line":4,"column":0},"end":{"line":4,"column":19}},"3":{"start":{"line":6,"column":0},"end":{"line":37,"column":1}},"4":{"start":{"line":7,"column":2},"end":{"line":10,"column":3}},"5":{"start":{"line":8,"column":4},"end":{"line":8,"column":29}},"6":{"start":{"line":9,"column":4},"end":{"line":9,"column":51}},"7":{"start":{"line":14,"column":6},"end":{"line":14,"column":45}},"8":{"start":{"line":15,"column":6},"end":{"line":15,"column":33}},"9":{"start":{"line":17,"column":6},"end":{"line":17,"column":78}},"10":{"start":{"line":18,"column":6},"end":{"line":18,"column":43}},"11":{"start":{"line":19,"column":6},"end":{"line":19,"column":63}},"12":{"start":{"line":20,"column":6},"end":{"line":20,"column":34}},"13":{"start":{"line":25,"column":6},"end":{"line":26,"column":60}},"14":{"start":{"line":30,"column":6},"end":{"line":32,"column":20}},"15":{"start":{"line":31,"column":8},"end":{"line":31,"column":57}},"16":{"start":{"line":36,"column":2},"end":{"line":36,"column":28}}},"branchMap":{"1":{"line":7,"type":"if","locations":[{"start":{"line":7,"column":2},"end":{"line":7,"column":2}},{"start":{"line":7,"column":2},"end":{"line":7,"column":2}}]},"2":{"line":7,"type":"binary-expr","locations":[{"start":{"line":7,"column":6},"end":{"line":7,"column":17}},{"start":{"line":7,"column":21},"end":{"line":7,"column":32}}]}},"code":["'use strict';","","var homebridge;","var Characteristic;","","module.exports = function(pHomebridge) {","  if (pHomebridge && !homebridge) {","    homebridge = pHomebridge;","    Characteristic = homebridge.hap.Characteristic;","  }","","  class TemperatureService extends homebridge.hap.Service.TemperatureSensor {","    constructor(accessory) {","      super(accessory.name + \" Temperature\");","      this.accessory = accessory;","","      var tmpChar = this.getCharacteristic(Characteristic.CurrentTemperature);","      tmpChar.setProps({ minValue: -100 });","      tmpChar.on('get', this.getCurrentTemperature.bind(this));","      tmpChar.eventEnabled = true;","","    }","","    updateCharacteristics() {","      this.getCharacteristic(Characteristic.CurrentTemperature)","            .updateValue(this.accessory.currentTemperature);","    }","","    getCurrentTemperature(callback) {","      this.accessory.refreshData(function(err,data) {","        callback(err, this.accessory.currentTemperature);","      }.bind(this));","    }","  }","","  return TemperatureService;","}","","/*","  if(stationData.data_type.indexOf('Temperature') > -1) {","    services.push(this.buildTemperatureSensor(accessory, stationData));","  }","*/",""],"l":{"3":1,"4":1,"6":1,"7":0,"8":0,"9":0,"14":0,"15":0,"17":0,"18":0,"19":0,"20":0,"25":0,"30":0,"31":0,"36":0}},"/home/travis/build/npmtest/node-npmtest-homebridge-netatmo/node_modules/homebridge-netatmo/service/weatherstation-wind-legacy.js":{"path":"/home/travis/build/npmtest/node-npmtest-homebridge-netatmo/node_modules/homebridge-netatmo/service/weatherstation-wind-legacy.js","s":{"1":1,"2":1,"3":1,"4":1,"5":1,"6":1,"7":1,"8":1,"9":0,"10":0,"11":0,"12":0,"13":0,"14":0,"15":0,"16":0,"17":0,"18":0,"19":0,"20":0,"21":0,"22":0,"23":0,"24":0,"25":0,"26":0,"27":0,"28":0,"29":0,"30":0,"31":0,"32":0,"33":0,"34":0,"35":0,"36":0,"37":0,"38":0,"39":0,"40":0,"41":0,"42":0,"43":0},"b":{"1":[0,0],"2":[0,0]},"f":{"1":0,"2":0,"3":0,"4":0,"5":0,"6":0,"7":0,"8":0,"9":0,"10":0,"11":0,"12":0,"13":0,"14":0,"15":0},"fnMap":{"1":{"name":"(anonymous_1)","line":12,"loc":{"start":{"line":12,"column":17},"end":{"line":12,"column":39}}},"2":{"name":"(anonymous_2)","line":19,"loc":{"start":{"line":19,"column":15},"end":{"line":19,"column":27}}},"3":{"name":"(anonymous_3)","line":38,"loc":{"start":{"line":38,"column":15},"end":{"line":38,"column":27}}},"4":{"name":"(anonymous_4)","line":56,"loc":{"start":{"line":56,"column":15},"end":{"line":56,"column":27}}},"5":{"name":"(anonymous_5)","line":75,"loc":{"start":{"line":75,"column":15},"end":{"line":75,"column":27}}},"6":{"name":"(anonymous_6)","line":93,"loc":{"start":{"line":93,"column":15},"end":{"line":93,"column":27}}},"7":{"name":"(anonymous_7)","line":113,"loc":{"start":{"line":113,"column":25},"end":{"line":113,"column":28}}},"8":{"name":"(anonymous_8)","line":124,"loc":{"start":{"line":124,"column":19},"end":{"line":124,"column":30}}},"9":{"name":"(anonymous_9)","line":125,"loc":{"start":{"line":125,"column":33},"end":{"line":125,"column":52}}},"10":{"name":"(anonymous_10)","line":130,"loc":{"start":{"line":130,"column":16},"end":{"line":130,"column":27}}},"11":{"name":"(anonymous_11)","line":131,"loc":{"start":{"line":131,"column":33},"end":{"line":131,"column":52}}},"12":{"name":"(anonymous_12)","line":136,"loc":{"start":{"line":136,"column":19},"end":{"line":136,"column":30}}},"13":{"name":"(anonymous_13)","line":137,"loc":{"start":{"line":137,"column":33},"end":{"line":137,"column":52}}},"14":{"name":"(anonymous_14)","line":142,"loc":{"start":{"line":142,"column":16},"end":{"line":142,"column":27}}},"15":{"name":"(anonymous_15)","line":143,"loc":{"start":{"line":143,"column":33},"end":{"line":143,"column":52}}}},"statementMap":{"1":{"start":{"line":3,"column":0},"end":{"line":3,"column":15}},"2":{"start":{"line":4,"column":0},"end":{"line":4,"column":19}},"3":{"start":{"line":6,"column":0},"end":{"line":6,"column":69}},"4":{"start":{"line":7,"column":0},"end":{"line":7,"column":70}},"5":{"start":{"line":8,"column":0},"end":{"line":8,"column":67}},"6":{"start":{"line":9,"column":0},"end":{"line":9,"column":70}},"7":{"start":{"line":10,"column":0},"end":{"line":10,"column":67}},"8":{"start":{"line":12,"column":0},"end":{"line":150,"column":1}},"9":{"start":{"line":13,"column":2},"end":{"line":16,"column":3}},"10":{"start":{"line":14,"column":4},"end":{"line":14,"column":29}},"11":{"start":{"line":15,"column":4},"end":{"line":15,"column":51}},"12":{"start":{"line":20,"column":6},"end":{"line":20,"column":53}},"13":{"start":{"line":21,"column":6},"end":{"line":32,"column":9}},"14":{"start":{"line":33,"column":6},"end":{"line":33,"column":42}},"15":{"start":{"line":39,"column":6},"end":{"line":39,"column":47}},"16":{"start":{"line":40,"column":6},"end":{"line":50,"column":9}},"17":{"start":{"line":51,"column":6},"end":{"line":51,"column":42}},"18":{"start":{"line":57,"column":6},"end":{"line":57,"column":53}},"19":{"start":{"line":58,"column":6},"end":{"line":69,"column":9}},"20":{"start":{"line":70,"column":6},"end":{"line":70,"column":42}},"21":{"start":{"line":76,"column":6},"end":{"line":76,"column":47}},"22":{"start":{"line":77,"column":6},"end":{"line":87,"column":9}},"23":{"start":{"line":88,"column":6},"end":{"line":88,"column":42}},"24":{"start":{"line":94,"column":6},"end":{"line":94,"column":68}},"25":{"start":{"line":95,"column":6},"end":{"line":95,"column":33}},"26":{"start":{"line":97,"column":6},"end":{"line":99,"column":29}},"27":{"start":{"line":100,"column":6},"end":{"line":102,"column":29}},"28":{"start":{"line":103,"column":6},"end":{"line":105,"column":29}},"29":{"start":{"line":106,"column":6},"end":{"line":108,"column":29}},"30":{"start":{"line":110,"column":6},"end":{"line":110,"column":58}},"31":{"start":{"line":114,"column":6},"end":{"line":115,"column":54}},"32":{"start":{"line":116,"column":6},"end":{"line":117,"column":51}},"33":{"start":{"line":118,"column":6},"end":{"line":119,"column":54}},"34":{"start":{"line":120,"column":6},"end":{"line":121,"column":51}},"35":{"start":{"line":125,"column":6},"end":{"line":127,"column":20}},"36":{"start":{"line":126,"column":8},"end":{"line":126,"column":51}},"37":{"start":{"line":131,"column":6},"end":{"line":133,"column":20}},"38":{"start":{"line":132,"column":8},"end":{"line":132,"column":48}},"39":{"start":{"line":137,"column":6},"end":{"line":139,"column":20}},"40":{"start":{"line":138,"column":8},"end":{"line":138,"column":51}},"41":{"start":{"line":143,"column":6},"end":{"line":145,"column":20}},"42":{"start":{"line":144,"column":8},"end":{"line":144,"column":48}},"43":{"start":{"line":149,"column":2},"end":{"line":149,"column":21}}},"branchMap":{"1":{"line":13,"type":"if","locations":[{"start":{"line":13,"column":2},"end":{"line":13,"column":2}},{"start":{"line":13,"column":2},"end":{"line":13,"column":2}}]},"2":{"line":13,"type":"binary-expr","locations":[{"start":{"line":13,"column":6},"end":{"line":13,"column":17}},{"start":{"line":13,"column":21},"end":{"line":13,"column":32}}]}},"code":["'use strict';","","var homebridge;","var Characteristic;","","const WIND_MEASURE_STYPE_ID = \"2AFB775E-79E5-4399-B3CD-398474CAE86C\";","const WIND_STRENGTH_CTYPE_ID = \"9331096F-E49E-4D98-B57B-57803498FA36\";","const WIND_ANGLE_CTYPE_ID = \"6C3F6DFA-7340-4ED4-AFFD-0E0310ECCD9E\";","const GUST_STRENGTH_CTYPE_ID = \"1B7F2F7B-EABF-4A54-8F9D-ABBEE08E8A64\";","const GUST_ANGLE_CTYPE_ID = \"928BD7DE-1CAA-4472-BBEF-0A9166B7949F\";","","module.exports = function(pHomebridge) {","  if (pHomebridge && !homebridge) {","    homebridge = pHomebridge;","    Characteristic = homebridge.hap.Characteristic;","  }","","  class WindStrengthCharacteristic extends Characteristic {","    constructor(accessory) {","      super('Wind Strength', WIND_STRENGTH_CTYPE_ID);","      this.setProps({","        format: Characteristic.Formats.UINT8,","              format: Characteristic.Formats.UINT8,","        unit: \"km/h\",","        minValue: 0,","        maxValue: 200,","        minStep: 1,","        perms: [","          Characteristic.Perms.READ,","          Characteristic.Perms.NOTIFY","        ]","      });","      this.value = this.getDefaultValue();","    }","  } ","","  class WindAngleCharacteristic extends Characteristic {","    constructor(accessory) {","      super('Wind Angle', WIND_ANGLE_CTYPE_ID);","      this.setProps({","        format: Characteristic.Formats.UINT8,","        unit: \"deg\",","        minValue: 0,","        maxValue: 360,","        minStep: 1,","        perms: [","          Characteristic.Perms.READ,","          Characteristic.Perms.NOTIFY","        ]","      });","      this.value = this.getDefaultValue();","    }","  } ","","  class GustStrengthCharacteristic extends Characteristic {","    constructor(accessory) {","      super('Gust Strength', GUST_STRENGTH_CTYPE_ID);","      this.setProps({","        format: Characteristic.Formats.UINT8,","              format: Characteristic.Formats.UINT8,","        unit: \"km/h\",","        minValue: 0,","        maxValue: 200,","        minStep: 1,","        perms: [","          Characteristic.Perms.READ,","          Characteristic.Perms.NOTIFY","        ]","      });","      this.value = this.getDefaultValue();","    }","  }","","  class GustAngleCharacteristic extends Characteristic {","    constructor(accessory) {","      super('Gust Angle', GUST_ANGLE_CTYPE_ID);","      this.setProps({","        format: Characteristic.Formats.UINT8,","        unit: \"deg\",","        minValue: 0,","        maxValue: 360,","        minStep: 1,","        perms: [","          Characteristic.Perms.READ,","          Characteristic.Perms.NOTIFY","        ]","      });","      this.value = this.getDefaultValue();","    }","  }","","  class WindService extends homebridge.hap.Service {","    constructor(accessory) {","      super(accessory.name + \" Wind Sensor\", WIND_MEASURE_STYPE_ID);","      this.accessory = accessory;","","      this.addCharacteristic(WindStrengthCharacteristic)","        .on('get', this.getWindStrength.bind(this))","        .eventEnabled = true;","      this.addCharacteristic(WindAngleCharacteristic)","        .on('get', this.getWindAngle.bind(this))","        .eventEnabled = true;","      this.addCharacteristic(GustStrengthCharacteristic)","        .on('get', this.getGustStrength.bind(this))","        .eventEnabled = true;","      this.addCharacteristic(GustAngleCharacteristic)","        .on('get', this.getGustAngle.bind(this))","        .eventEnabled = true;","","      this.addOptionalCharacteristic(Characteristic.Name);","    }","","    updateCharacteristics() {","      this.getCharacteristic(WindStrengthCharacteristic)","            .updateValue(this.accessory.windStrength);","      this.getCharacteristic(WindAngleCharacteristic)","            .updateValue(this.accessory.windAngle);","      this.getCharacteristic(GustStrengthCharacteristic)","            .updateValue(this.accessory.gustStrength);","      this.getCharacteristic(GustAngleCharacteristic)","            .updateValue(this.accessory.gustAngle);","    }","","    getWindStrength(callback) {","      this.accessory.refreshData(function(err,data) {","        callback(err, this.accessory.windStrength);","      }.bind(this));","    }","","    getWindAngle(callback) {","      this.accessory.refreshData(function(err,data) {","        callback(err, this.accessory.windAngle);","      }.bind(this));","    }","","    getGustStrength(callback) {","      this.accessory.refreshData(function(err,data) {","        callback(err, this.accessory.gustStrength);","      }.bind(this));","    }","","    getGustAngle(callback) {","      this.accessory.refreshData(function(err,data) {","        callback(err, this.accessory.gustAngle);","      }.bind(this));","    }","  }","","  return WindService;","}",""],"l":{"3":1,"4":1,"6":1,"7":1,"8":1,"9":1,"10":1,"12":1,"13":0,"14":0,"15":0,"20":0,"21":0,"33":0,"39":0,"40":0,"51":0,"57":0,"58":0,"70":0,"76":0,"77":0,"88":0,"94":0,"95":0,"97":0,"100":0,"103":0,"106":0,"110":0,"114":0,"116":0,"118":0,"120":0,"125":0,"126":0,"131":0,"132":0,"137":0,"138":0,"143":0,"144":0,"149":0}}}